<?xml version="1.0" encoding="UTF-8"?>
<testsuite name="study.web.IndexControllerTest" tests="1" skipped="0" failures="0" errors="0" timestamp="2021-03-10T18:02:23" hostname="yuhyeongmin-ui-MacBookPro-2.local" time="0.263">
  <properties/>
  <testcase name="메인페이지_로딩" classname="study.web.IndexControllerTest" time="0.263"/>
  <system-out><![CDATA[03:02:17.693 [Test worker] DEBUG org.springframework.test.context.junit4.SpringJUnit4ClassRunner - SpringJUnit4ClassRunner constructor called with [class study.web.IndexControllerTest]
03:02:17.699 [Test worker] DEBUG org.springframework.test.context.BootstrapUtils - Instantiating CacheAwareContextLoaderDelegate from class [org.springframework.test.context.cache.DefaultCacheAwareContextLoaderDelegate]
03:02:17.707 [Test worker] DEBUG org.springframework.test.context.BootstrapUtils - Instantiating BootstrapContext using constructor [public org.springframework.test.context.support.DefaultBootstrapContext(java.lang.Class,org.springframework.test.context.CacheAwareContextLoaderDelegate)]
03:02:17.722 [Test worker] DEBUG org.springframework.test.context.BootstrapUtils - Instantiating TestContextBootstrapper for test class [study.web.IndexControllerTest] from class [org.springframework.boot.test.context.SpringBootTestContextBootstrapper]
03:02:17.735 [Test worker] INFO org.springframework.boot.test.context.SpringBootTestContextBootstrapper - Neither @ContextConfiguration nor @ContextHierarchy found for test class [study.web.IndexControllerTest], using SpringBootContextLoader
03:02:17.738 [Test worker] DEBUG org.springframework.test.context.support.AbstractContextLoader - Did not detect default resource location for test class [study.web.IndexControllerTest]: class path resource [study/web/IndexControllerTest-context.xml] does not exist
03:02:17.738 [Test worker] DEBUG org.springframework.test.context.support.AbstractContextLoader - Did not detect default resource location for test class [study.web.IndexControllerTest]: class path resource [study/web/IndexControllerTestContext.groovy] does not exist
03:02:17.738 [Test worker] INFO org.springframework.test.context.support.AbstractContextLoader - Could not detect default resource locations for test class [study.web.IndexControllerTest]: no resource found for suffixes {-context.xml, Context.groovy}.
03:02:17.739 [Test worker] INFO org.springframework.test.context.support.AnnotationConfigContextLoaderUtils - Could not detect default configuration classes for test class [study.web.IndexControllerTest]: IndexControllerTest does not declare any static, non-private, non-final, nested classes annotated with @Configuration.
03:02:17.776 [Test worker] DEBUG org.springframework.test.context.support.ActiveProfilesUtils - Could not find an 'annotation declaring class' for annotation type [org.springframework.test.context.ActiveProfiles] and class [study.web.IndexControllerTest]
03:02:17.865 [Test worker] DEBUG org.springframework.context.annotation.ClassPathScanningCandidateComponentProvider - Identified candidate component class: file [/Users/yoohyungmin/Desktop/spring-boot-project/build/classes/java/main/study/Application.class]
03:02:17.866 [Test worker] INFO org.springframework.boot.test.context.SpringBootTestContextBootstrapper - Found @SpringBootConfiguration study.Application for test class study.web.IndexControllerTest
03:02:17.956 [Test worker] DEBUG org.springframework.boot.test.context.SpringBootTestContextBootstrapper - @TestExecutionListeners is not present for class [study.web.IndexControllerTest]: using defaults.
03:02:17.956 [Test worker] INFO org.springframework.boot.test.context.SpringBootTestContextBootstrapper - Loaded default TestExecutionListener class names from location [META-INF/spring.factories]: [org.springframework.security.test.context.support.WithSecurityContextTestExecutionListener, org.springframework.security.test.context.support.ReactorContextTestExecutionListener, org.springframework.boot.test.autoconfigure.restdocs.RestDocsTestExecutionListener, org.springframework.boot.test.autoconfigure.web.client.MockRestServiceServerResetTestExecutionListener, org.springframework.boot.test.autoconfigure.web.servlet.MockMvcPrintOnlyOnFailureTestExecutionListener, org.springframework.boot.test.autoconfigure.web.servlet.WebDriverTestExecutionListener, org.springframework.boot.test.mock.mockito.MockitoTestExecutionListener, org.springframework.boot.test.mock.mockito.ResetMocksTestExecutionListener, org.springframework.test.context.web.ServletTestExecutionListener, org.springframework.test.context.support.DirtiesContextBeforeModesTestExecutionListener, org.springframework.test.context.support.DependencyInjectionTestExecutionListener, org.springframework.test.context.support.DirtiesContextTestExecutionListener, org.springframework.test.context.transaction.TransactionalTestExecutionListener, org.springframework.test.context.jdbc.SqlScriptsTestExecutionListener]
03:02:17.983 [Test worker] INFO org.springframework.boot.test.context.SpringBootTestContextBootstrapper - Using TestExecutionListeners: [org.springframework.test.context.web.ServletTestExecutionListener@386a531, org.springframework.test.context.support.DirtiesContextBeforeModesTestExecutionListener@7e2bd1ea, org.springframework.boot.test.mock.mockito.MockitoTestExecutionListener@35ad011e, org.springframework.boot.test.autoconfigure.SpringBootDependencyInjectionTestExecutionListener@42590130, org.springframework.test.context.support.DirtiesContextTestExecutionListener@74c08b67, org.springframework.test.context.transaction.TransactionalTestExecutionListener@54c4a094, org.springframework.test.context.jdbc.SqlScriptsTestExecutionListener@93ceee3, org.springframework.security.test.context.support.WithSecurityContextTestExecutionListener@3e62e75, org.springframework.security.test.context.support.ReactorContextTestExecutionListener@730d06dd, org.springframework.boot.test.autoconfigure.restdocs.RestDocsTestExecutionListener@23cc828, org.springframework.boot.test.autoconfigure.web.client.MockRestServiceServerResetTestExecutionListener@6c19657a, org.springframework.boot.test.autoconfigure.web.servlet.MockMvcPrintOnlyOnFailureTestExecutionListener@5ebe6b0a, org.springframework.boot.test.autoconfigure.web.servlet.WebDriverTestExecutionListener@459ea5ee, org.springframework.boot.test.mock.mockito.ResetMocksTestExecutionListener@218748fd]
03:02:17.986 [Test worker] DEBUG org.springframework.test.annotation.ProfileValueUtils - Retrieved @ProfileValueSourceConfiguration [null] for test class [study.web.IndexControllerTest]
03:02:17.986 [Test worker] DEBUG org.springframework.test.annotation.ProfileValueUtils - Retrieved ProfileValueSource type [class org.springframework.test.annotation.SystemProfileValueSource] for class [study.web.IndexControllerTest]
03:02:17.986 [Test worker] DEBUG org.springframework.test.annotation.ProfileValueUtils - Retrieved @ProfileValueSourceConfiguration [null] for test class [study.web.IndexControllerTest]
03:02:17.986 [Test worker] DEBUG org.springframework.test.annotation.ProfileValueUtils - Retrieved ProfileValueSource type [class org.springframework.test.annotation.SystemProfileValueSource] for class [study.web.IndexControllerTest]
03:02:17.990 [Test worker] DEBUG org.springframework.test.context.support.AbstractDirtiesContextTestExecutionListener - Before test class: context [DefaultTestContext@5cccc7d0 testClass = IndexControllerTest, testInstance = [null], testMethod = [null], testException = [null], mergedContextConfiguration = [WebMergedContextConfiguration@5b4aa91e testClass = IndexControllerTest, locations = '{}', classes = '{class study.Application}', contextInitializerClasses = '[]', activeProfiles = '{}', propertySourceLocations = '{}', propertySourceProperties = '{org.springframework.boot.test.context.SpringBootTestContextBootstrapper=true, server.port=0}', contextCustomizers = set[org.springframework.boot.test.autoconfigure.properties.PropertyMappingContextCustomizer@0, org.springframework.boot.test.autoconfigure.web.servlet.WebDriverContextCustomizerFactory$Customizer@513972e6, org.springframework.boot.test.context.filter.ExcludeFilterContextCustomizer@627a1445, org.springframework.boot.test.json.DuplicateJsonObjectContextCustomizerFactory$DuplicateJsonObjectContextCustomizer@44acf5d5, org.springframework.boot.test.mock.mockito.MockitoContextCustomizer@0, org.springframework.boot.test.web.client.TestRestTemplateContextCustomizer@6db01dba], resourceBasePath = 'src/main/webapp', contextLoader = 'org.springframework.boot.test.context.SpringBootContextLoader', parent = [null]], attributes = map['org.springframework.test.context.web.ServletTestExecutionListener.activateListener' -> false]], class annotated with @DirtiesContext [false] with mode [null].
03:02:17.990 [Test worker] DEBUG org.springframework.test.annotation.ProfileValueUtils - Retrieved @ProfileValueSourceConfiguration [null] for test class [study.web.IndexControllerTest]
03:02:17.990 [Test worker] DEBUG org.springframework.test.annotation.ProfileValueUtils - Retrieved ProfileValueSource type [class org.springframework.test.annotation.SystemProfileValueSource] for class [study.web.IndexControllerTest]
03:02:17.994 [Test worker] DEBUG org.springframework.test.context.support.DependencyInjectionTestExecutionListener - Performing dependency injection for test context [[DefaultTestContext@5cccc7d0 testClass = IndexControllerTest, testInstance = study.web.IndexControllerTest@6820c826, testMethod = [null], testException = [null], mergedContextConfiguration = [WebMergedContextConfiguration@5b4aa91e testClass = IndexControllerTest, locations = '{}', classes = '{class study.Application}', contextInitializerClasses = '[]', activeProfiles = '{}', propertySourceLocations = '{}', propertySourceProperties = '{org.springframework.boot.test.context.SpringBootTestContextBootstrapper=true, server.port=0}', contextCustomizers = set[org.springframework.boot.test.autoconfigure.properties.PropertyMappingContextCustomizer@0, org.springframework.boot.test.autoconfigure.web.servlet.WebDriverContextCustomizerFactory$Customizer@513972e6, org.springframework.boot.test.context.filter.ExcludeFilterContextCustomizer@627a1445, org.springframework.boot.test.json.DuplicateJsonObjectContextCustomizerFactory$DuplicateJsonObjectContextCustomizer@44acf5d5, org.springframework.boot.test.mock.mockito.MockitoContextCustomizer@0, org.springframework.boot.test.web.client.TestRestTemplateContextCustomizer@6db01dba], resourceBasePath = 'src/main/webapp', contextLoader = 'org.springframework.boot.test.context.SpringBootContextLoader', parent = [null]], attributes = map['org.springframework.test.context.web.ServletTestExecutionListener.activateListener' -> false]]].
03:02:18.010 [Test worker] DEBUG org.springframework.test.context.support.TestPropertySourceUtils - Adding inlined properties to environment: {spring.jmx.enabled=false, org.springframework.boot.test.context.SpringBootTestContextBootstrapper=true, server.port=0}

  .   ____          _            __ _ _
 /\\ / ___'_ __ _ _(_)_ __  __ _ \ \ \ \
( ( )\___ | '_ | '_| | '_ \/ _` | \ \ \ \
 \\/  ___)| |_)| | | | | || (_| |  ) ) ) )
  '  |____| .__|_| |_|_| |_\__, | / / / /
 =========|_|==============|___/=/_/_/_/
 :: Spring Boot ::        (v2.1.7.RELEASE)

2021-03-11 03:02:18.242  INFO 3099 --- [    Test worker] study.web.IndexControllerTest            : Starting IndexControllerTest on yuhyeongmin-ui-MacBookPro-2.local with PID 3099 (started by yoohyungmin in /Users/yoohyungmin/Desktop/spring-boot-project)
2021-03-11 03:02:18.243  INFO 3099 --- [    Test worker] study.web.IndexControllerTest            : The following profiles are active: oauth
2021-03-11 03:02:18.873  INFO 3099 --- [    Test worker] .s.d.r.c.RepositoryConfigurationDelegate : Bootstrapping Spring Data repositories in DEFAULT mode.
2021-03-11 03:02:18.943  INFO 3099 --- [    Test worker] .s.d.r.c.RepositoryConfigurationDelegate : Finished Spring Data repository scanning in 62ms. Found 2 repository interfaces.
2021-03-11 03:02:19.353  INFO 3099 --- [    Test worker] trationDelegate$BeanPostProcessorChecker : Bean 'org.springframework.transaction.annotation.ProxyTransactionManagementConfiguration' of type [org.springframework.transaction.annotation.ProxyTransactionManagementConfiguration$$EnhancerBySpringCGLIB$$554e0c3b] is not eligible for getting processed by all BeanPostProcessors (for example: not eligible for auto-proxying)
2021-03-11 03:02:19.680  INFO 3099 --- [    Test worker] o.s.b.w.embedded.tomcat.TomcatWebServer  : Tomcat initialized with port(s): 0 (http)
2021-03-11 03:02:19.704  INFO 3099 --- [    Test worker] o.apache.catalina.core.StandardService   : Starting service [Tomcat]
2021-03-11 03:02:19.704  INFO 3099 --- [    Test worker] org.apache.catalina.core.StandardEngine  : Starting Servlet engine: [Apache Tomcat/9.0.22]
2021-03-11 03:02:19.799  INFO 3099 --- [    Test worker] o.a.c.c.C.[Tomcat].[localhost].[/]       : Initializing Spring embedded WebApplicationContext
2021-03-11 03:02:19.800  INFO 3099 --- [    Test worker] o.s.web.context.ContextLoader            : Root WebApplicationContext: initialization completed in 1543 ms
2021-03-11 03:02:20.033  INFO 3099 --- [    Test worker] com.zaxxer.hikari.HikariDataSource       : sa - Starting...
2021-03-11 03:02:20.210  INFO 3099 --- [    Test worker] com.zaxxer.hikari.HikariDataSource       : sa - Start completed.
2021-03-11 03:02:20.317  INFO 3099 --- [    Test worker] o.hibernate.jpa.internal.util.LogHelper  : HHH000204: Processing PersistenceUnitInfo [
	name: default
	...]
2021-03-11 03:02:20.394  INFO 3099 --- [    Test worker] org.hibernate.Version                    : HHH000412: Hibernate Core {5.3.10.Final}
2021-03-11 03:02:20.396  INFO 3099 --- [    Test worker] org.hibernate.cfg.Environment            : HHH000206: hibernate.properties not found
2021-03-11 03:02:20.545  INFO 3099 --- [    Test worker] o.hibernate.annotations.common.Version   : HCANN000001: Hibernate Commons Annotations {5.0.4.Final}
2021-03-11 03:02:20.672  INFO 3099 --- [    Test worker] org.hibernate.dialect.Dialect            : HHH000400: Using dialect: org.hibernate.dialect.H2Dialect
Hibernate: drop table posts if exists
Hibernate: drop table user if exists
Hibernate: create table posts (id bigint generated by default as identity, create_date timestamp, modified_date timestamp, author varchar(255), content TEXT not null, title varchar(500) not null, primary key (id))
Hibernate: create table user (id bigint generated by default as identity, email varchar(255) not null, name varchar(255) not null, picture varchar(255), role varchar(255) not null, primary key (id))
2021-03-11 03:02:21.260  INFO 3099 --- [    Test worker] o.h.t.schema.internal.SchemaCreatorImpl  : HHH000476: Executing import script 'org.hibernate.tool.schema.internal.exec.ScriptSourceInputNonExistentImpl@748f641d'
2021-03-11 03:02:21.262  INFO 3099 --- [    Test worker] j.LocalContainerEntityManagerFactoryBean : Initialized JPA EntityManagerFactory for persistence unit 'default'
2021-03-11 03:02:22.021  INFO 3099 --- [    Test worker] o.h.h.i.QueryTranslatorFactoryInitiator  : HHH000397: Using ASTQueryTranslatorFactory
2021-03-11 03:02:22.381  INFO 3099 --- [    Test worker] o.s.s.web.DefaultSecurityFilterChain     : Creating filter chain: any request, [org.springframework.security.web.context.request.async.WebAsyncManagerIntegrationFilter@46070315, org.springframework.security.web.context.SecurityContextPersistenceFilter@39e906c7, org.springframework.security.web.header.HeaderWriterFilter@3bae956b, org.springframework.security.web.authentication.logout.LogoutFilter@254b5ed, org.springframework.security.oauth2.client.web.OAuth2AuthorizationRequestRedirectFilter@286e85f1, org.springframework.security.oauth2.client.web.OAuth2LoginAuthenticationFilter@cd1d753, org.springframework.security.web.authentication.ui.DefaultLoginPageGeneratingFilter@223c2b6b, org.springframework.security.web.authentication.ui.DefaultLogoutPageGeneratingFilter@54b86742, org.springframework.security.web.savedrequest.RequestCacheAwareFilter@2bda3f30, org.springframework.security.web.servletapi.SecurityContextHolderAwareRequestFilter@67ee286, org.springframework.security.web.authentication.AnonymousAuthenticationFilter@15529916, org.springframework.security.web.session.SessionManagementFilter@114023ad, org.springframework.security.web.access.ExceptionTranslationFilter@53a0a0b9, org.springframework.security.web.access.intercept.FilterSecurityInterceptor@77033572]
2021-03-11 03:02:22.672  INFO 3099 --- [    Test worker] o.s.s.concurrent.ThreadPoolTaskExecutor  : Initializing ExecutorService 'applicationTaskExecutor'
2021-03-11 03:02:22.729  WARN 3099 --- [    Test worker] aWebConfiguration$JpaWebMvcConfiguration : spring.jpa.open-in-view is enabled by default. Therefore, database queries may be performed during view rendering. Explicitly configure spring.jpa.open-in-view to disable this warning
2021-03-11 03:02:22.780  INFO 3099 --- [    Test worker] o.s.b.a.w.s.WelcomePageHandlerMapping    : Adding welcome page template: index
2021-03-11 03:02:23.055  INFO 3099 --- [    Test worker] s.a.ScheduledAnnotationBeanPostProcessor : No TaskScheduler/ScheduledExecutorService bean found for scheduled processing
2021-03-11 03:02:23.076  INFO 3099 --- [    Test worker] o.s.b.w.embedded.tomcat.TomcatWebServer  : Tomcat started on port(s): 49594 (http) with context path ''
2021-03-11 03:02:23.077  INFO 3099 --- [    Test worker] study.web.IndexControllerTest            : Started IndexControllerTest in 5.066 seconds (JVM running for 5.868)
2021-03-11 03:02:23.231  INFO 3099 --- [o-auto-1-exec-1] o.a.c.c.C.[Tomcat].[localhost].[/]       : Initializing Spring DispatcherServlet 'dispatcherServlet'
2021-03-11 03:02:23.231  INFO 3099 --- [o-auto-1-exec-1] o.s.web.servlet.DispatcherServlet        : Initializing Servlet 'dispatcherServlet'
2021-03-11 03:02:23.253  INFO 3099 --- [o-auto-1-exec-1] o.s.web.servlet.DispatcherServlet        : Completed initialization in 22 ms
]]></system-out>
  <system-err><![CDATA[]]></system-err>
</testsuite>
