<?xml version="1.0" encoding="UTF-8"?>
<testsuite name="study.domain.posts.PostsRepositoryTest" tests="2" skipped="0" failures="0" errors="0" timestamp="2021-03-03T14:53:30" hostname="yuhyeongmin-ui-MacBookPro.local" time="0.008">
  <properties/>
  <testcase name="게시글저장_불러오기" classname="study.domain.posts.PostsRepositoryTest" time="0.005"/>
  <testcase name="BaseTimeEntity_등록" classname="study.domain.posts.PostsRepositoryTest" time="0.003"/>
  <system-out><![CDATA[2021-03-03 23:53:29.483  INFO 13002 --- [    Test worker] .b.t.c.SpringBootTestContextBootstrapper : Neither @ContextConfiguration nor @ContextHierarchy found for test class [study.domain.posts.PostsRepositoryTest], using SpringBootContextLoader
2021-03-03 23:53:29.483  INFO 13002 --- [    Test worker] o.s.t.c.support.AbstractContextLoader    : Could not detect default resource locations for test class [study.domain.posts.PostsRepositoryTest]: no resource found for suffixes {-context.xml, Context.groovy}.
2021-03-03 23:53:29.483  INFO 13002 --- [    Test worker] t.c.s.AnnotationConfigContextLoaderUtils : Could not detect default configuration classes for test class [study.domain.posts.PostsRepositoryTest]: PostsRepositoryTest does not declare any static, non-private, non-final, nested classes annotated with @Configuration.
2021-03-03 23:53:29.489  INFO 13002 --- [    Test worker] .b.t.c.SpringBootTestContextBootstrapper : Found @SpringBootConfiguration study.Application for test class study.domain.posts.PostsRepositoryTest
2021-03-03 23:53:29.490  INFO 13002 --- [    Test worker] .b.t.c.SpringBootTestContextBootstrapper : Loaded default TestExecutionListener class names from location [META-INF/spring.factories]: [org.springframework.boot.test.autoconfigure.restdocs.RestDocsTestExecutionListener, org.springframework.boot.test.autoconfigure.web.client.MockRestServiceServerResetTestExecutionListener, org.springframework.boot.test.autoconfigure.web.servlet.MockMvcPrintOnlyOnFailureTestExecutionListener, org.springframework.boot.test.autoconfigure.web.servlet.WebDriverTestExecutionListener, org.springframework.boot.test.mock.mockito.MockitoTestExecutionListener, org.springframework.boot.test.mock.mockito.ResetMocksTestExecutionListener, org.springframework.test.context.web.ServletTestExecutionListener, org.springframework.test.context.support.DirtiesContextBeforeModesTestExecutionListener, org.springframework.test.context.support.DependencyInjectionTestExecutionListener, org.springframework.test.context.support.DirtiesContextTestExecutionListener, org.springframework.test.context.transaction.TransactionalTestExecutionListener, org.springframework.test.context.jdbc.SqlScriptsTestExecutionListener]
2021-03-03 23:53:29.490  INFO 13002 --- [    Test worker] .b.t.c.SpringBootTestContextBootstrapper : Using TestExecutionListeners: [org.springframework.test.context.web.ServletTestExecutionListener@39edb19c, org.springframework.test.context.support.DirtiesContextBeforeModesTestExecutionListener@62418f4e, org.springframework.boot.test.mock.mockito.MockitoTestExecutionListener@2a5616b5, org.springframework.boot.test.autoconfigure.SpringBootDependencyInjectionTestExecutionListener@48ba8a90, org.springframework.test.context.support.DirtiesContextTestExecutionListener@1c0fb34a, org.springframework.test.context.transaction.TransactionalTestExecutionListener@725a647a, org.springframework.test.context.jdbc.SqlScriptsTestExecutionListener@6823273a, org.springframework.boot.test.autoconfigure.restdocs.RestDocsTestExecutionListener@7451cea4, org.springframework.boot.test.autoconfigure.web.client.MockRestServiceServerResetTestExecutionListener@1525a687, org.springframework.boot.test.autoconfigure.web.servlet.MockMvcPrintOnlyOnFailureTestExecutionListener@347d69ed, org.springframework.boot.test.autoconfigure.web.servlet.WebDriverTestExecutionListener@451682af, org.springframework.boot.test.mock.mockito.ResetMocksTestExecutionListener@3f484047]

  .   ____          _            __ _ _
 /\\ / ___'_ __ _ _(_)_ __  __ _ \ \ \ \
( ( )\___ | '_ | '_| | '_ \/ _` | \ \ \ \
 \\/  ___)| |_)| | | | | || (_| |  ) ) ) )
  '  |____| .__|_| |_|_| |_\__, | / / / /
 =========|_|==============|___/=/_/_/_/
 :: Spring Boot ::        (v2.1.7.RELEASE)

2021-03-03 23:53:29.515  INFO 13002 --- [    Test worker] study.domain.posts.PostsRepositoryTest   : Starting PostsRepositoryTest on yuhyeongmin-ui-MacBookPro.local with PID 13002 (started by yoohyungmin in /Users/yoohyungmin/Desktop/spring-boot-project)
2021-03-03 23:53:29.515  INFO 13002 --- [    Test worker] study.domain.posts.PostsRepositoryTest   : The following profiles are active: oauth
2021-03-03 23:53:29.652  INFO 13002 --- [    Test worker] .s.d.r.c.RepositoryConfigurationDelegate : Bootstrapping Spring Data repositories in DEFAULT mode.
2021-03-03 23:53:29.667  INFO 13002 --- [    Test worker] .s.d.r.c.RepositoryConfigurationDelegate : Finished Spring Data repository scanning in 15ms. Found 2 repository interfaces.
2021-03-03 23:53:29.735  INFO 13002 --- [    Test worker] trationDelegate$BeanPostProcessorChecker : Bean 'org.springframework.transaction.annotation.ProxyTransactionManagementConfiguration' of type [org.springframework.transaction.annotation.ProxyTransactionManagementConfiguration$$EnhancerBySpringCGLIB$$d432dda4] is not eligible for getting processed by all BeanPostProcessors (for example: not eligible for auto-proxying)
2021-03-03 23:53:29.804  INFO 13002 --- [    Test worker] com.zaxxer.hikari.HikariDataSource       : sa - Starting...
2021-03-03 23:53:29.805  INFO 13002 --- [    Test worker] com.zaxxer.hikari.HikariDataSource       : sa - Start completed.
2021-03-03 23:53:29.822  INFO 13002 --- [    Test worker] o.hibernate.jpa.internal.util.LogHelper  : HHH000204: Processing PersistenceUnitInfo [
	name: default
	...]
2021-03-03 23:53:29.826  INFO 13002 --- [    Test worker] org.hibernate.dialect.Dialect            : HHH000400: Using dialect: org.hibernate.dialect.H2Dialect
Hibernate: drop table posts if exists
Hibernate: drop table user if exists
Hibernate: create table posts (id bigint generated by default as identity, create_date timestamp, modified_date timestamp, author varchar(255), content TEXT not null, title varchar(500) not null, primary key (id))
Hibernate: create table user (id bigint generated by default as identity, email varchar(255) not null, name varchar(255) not null, picture varchar(255), role varchar(255) not null, primary key (id))
2021-03-03 23:53:29.858  INFO 13002 --- [    Test worker] o.h.t.schema.internal.SchemaCreatorImpl  : HHH000476: Executing import script 'org.hibernate.tool.schema.internal.exec.ScriptSourceInputNonExistentImpl@65d6f454'
2021-03-03 23:53:29.859  INFO 13002 --- [    Test worker] j.LocalContainerEntityManagerFactoryBean : Initialized JPA EntityManagerFactory for persistence unit 'default'
2021-03-03 23:53:30.005  INFO 13002 --- [    Test worker] o.h.h.i.QueryTranslatorFactoryInitiator  : HHH000397: Using ASTQueryTranslatorFactory
2021-03-03 23:53:30.107  INFO 13002 --- [    Test worker] o.s.s.web.DefaultSecurityFilterChain     : Creating filter chain: any request, [org.springframework.security.web.context.request.async.WebAsyncManagerIntegrationFilter@343d7964, org.springframework.security.web.context.SecurityContextPersistenceFilter@e357520, org.springframework.security.web.header.HeaderWriterFilter@225edce, org.springframework.security.web.authentication.logout.LogoutFilter@299b46a9, org.springframework.security.oauth2.client.web.OAuth2AuthorizationRequestRedirectFilter@66c62c15, org.springframework.security.oauth2.client.web.OAuth2LoginAuthenticationFilter@5b5dce28, org.springframework.security.web.authentication.ui.DefaultLoginPageGeneratingFilter@ca2ae68, org.springframework.security.web.authentication.ui.DefaultLogoutPageGeneratingFilter@37f50bd3, org.springframework.security.web.savedrequest.RequestCacheAwareFilter@5b664fbd, org.springframework.security.web.servletapi.SecurityContextHolderAwareRequestFilter@76008282, org.springframework.security.web.authentication.AnonymousAuthenticationFilter@60043fbc, org.springframework.security.web.session.SessionManagementFilter@290a6a40, org.springframework.security.web.access.ExceptionTranslationFilter@19e98de6, org.springframework.security.web.access.intercept.FilterSecurityInterceptor@1973470f]
2021-03-03 23:53:30.301  INFO 13002 --- [    Test worker] o.s.s.concurrent.ThreadPoolTaskExecutor  : Initializing ExecutorService 'applicationTaskExecutor'
2021-03-03 23:53:30.310  WARN 13002 --- [    Test worker] aWebConfiguration$JpaWebMvcConfiguration : spring.jpa.open-in-view is enabled by default. Therefore, database queries may be performed during view rendering. Explicitly configure spring.jpa.open-in-view to disable this warning
2021-03-03 23:53:30.331  INFO 13002 --- [    Test worker] o.s.b.a.w.s.WelcomePageHandlerMapping    : Adding welcome page template: index
2021-03-03 23:53:30.564  INFO 13002 --- [    Test worker] s.a.ScheduledAnnotationBeanPostProcessor : No TaskScheduler/ScheduledExecutorService bean found for scheduled processing
2021-03-03 23:53:30.565  INFO 13002 --- [    Test worker] study.domain.posts.PostsRepositoryTest   : Started PostsRepositoryTest in 1.07 seconds (JVM running for 6.901)
Hibernate: select posts0_.id as id1_0_, posts0_.create_date as create_d2_0_, posts0_.modified_date as modified3_0_, posts0_.author as author4_0_, posts0_.content as content5_0_, posts0_.title as title6_0_ from posts posts0_
Hibernate: select posts0_.id as id1_0_, posts0_.create_date as create_d2_0_, posts0_.modified_date as modified3_0_, posts0_.author as author4_0_, posts0_.content as content5_0_, posts0_.title as title6_0_ from posts posts0_
]]></system-out>
  <system-err><![CDATA[]]></system-err>
</testsuite>
