<?xml version="1.0" encoding="UTF-8"?>
<testsuite name="study.HelloTest" tests="2" skipped="0" failures="0" errors="0" timestamp="2021-04-04T02:19:59" hostname="yuhyeongmin-ui-MacBookPro-2.local" time="0.025">
  <properties/>
  <testcase name="hello_반환" classname="study.HelloTest" time="0.023"/>
  <testcase name="이름_나이_입력" classname="study.HelloTest" time="0.002"/>
  <system-out><![CDATA[2021-04-04 11:19:58.628  INFO 3004 --- [    Test worker] .b.t.a.w.s.WebMvcTestContextBootstrapper : Neither @ContextConfiguration nor @ContextHierarchy found for test class [study.HelloTest], using SpringBootContextLoader
2021-04-04 11:19:58.628  INFO 3004 --- [    Test worker] o.s.t.c.support.AbstractContextLoader    : Could not detect default resource locations for test class [study.HelloTest]: no resource found for suffixes {-context.xml, Context.groovy}.
2021-04-04 11:19:58.629  INFO 3004 --- [    Test worker] t.c.s.AnnotationConfigContextLoaderUtils : Could not detect default configuration classes for test class [study.HelloTest]: HelloTest does not declare any static, non-private, non-final, nested classes annotated with @Configuration.
2021-04-04 11:19:58.643  INFO 3004 --- [    Test worker] .b.t.c.SpringBootTestContextBootstrapper : Found @SpringBootConfiguration study.Application for test class study.HelloTest
2021-04-04 11:19:58.643  INFO 3004 --- [    Test worker] .b.t.a.w.s.WebMvcTestContextBootstrapper : Loaded default TestExecutionListener class names from location [META-INF/spring.factories]: [org.springframework.security.test.context.support.WithSecurityContextTestExecutionListener, org.springframework.security.test.context.support.ReactorContextTestExecutionListener, org.springframework.boot.test.autoconfigure.restdocs.RestDocsTestExecutionListener, org.springframework.boot.test.autoconfigure.web.client.MockRestServiceServerResetTestExecutionListener, org.springframework.boot.test.autoconfigure.web.servlet.MockMvcPrintOnlyOnFailureTestExecutionListener, org.springframework.boot.test.autoconfigure.web.servlet.WebDriverTestExecutionListener, org.springframework.boot.test.mock.mockito.MockitoTestExecutionListener, org.springframework.boot.test.mock.mockito.ResetMocksTestExecutionListener, org.springframework.test.context.web.ServletTestExecutionListener, org.springframework.test.context.support.DirtiesContextBeforeModesTestExecutionListener, org.springframework.test.context.support.DependencyInjectionTestExecutionListener, org.springframework.test.context.support.DirtiesContextTestExecutionListener, org.springframework.test.context.transaction.TransactionalTestExecutionListener, org.springframework.test.context.jdbc.SqlScriptsTestExecutionListener]
2021-04-04 11:19:58.644  INFO 3004 --- [    Test worker] .b.t.a.w.s.WebMvcTestContextBootstrapper : Using TestExecutionListeners: [org.springframework.test.context.web.ServletTestExecutionListener@25eb95be, org.springframework.test.context.support.DirtiesContextBeforeModesTestExecutionListener@70132010, org.springframework.boot.test.mock.mockito.MockitoTestExecutionListener@397b32e0, org.springframework.boot.test.autoconfigure.SpringBootDependencyInjectionTestExecutionListener@460eb6b0, org.springframework.test.context.support.DirtiesContextTestExecutionListener@3fb18daa, org.springframework.test.context.transaction.TransactionalTestExecutionListener@564b39ec, org.springframework.test.context.jdbc.SqlScriptsTestExecutionListener@3647fdf7, org.springframework.security.test.context.support.WithSecurityContextTestExecutionListener@54f76b9, org.springframework.security.test.context.support.ReactorContextTestExecutionListener@36206767, org.springframework.boot.test.autoconfigure.restdocs.RestDocsTestExecutionListener@392bbc16, org.springframework.boot.test.autoconfigure.web.client.MockRestServiceServerResetTestExecutionListener@308a4681, org.springframework.boot.test.autoconfigure.web.servlet.MockMvcPrintOnlyOnFailureTestExecutionListener@4e8e1497, org.springframework.boot.test.autoconfigure.web.servlet.WebDriverTestExecutionListener@7ba0597e, org.springframework.boot.test.mock.mockito.ResetMocksTestExecutionListener@1f8f9110]

  .   ____          _            __ _ _
 /\\ / ___'_ __ _ _(_)_ __  __ _ \ \ \ \
( ( )\___ | '_ | '_| | '_ \/ _` | \ \ \ \
 \\/  ___)| |_)| | | | | || (_| |  ) ) ) )
  '  |____| .__|_| |_|_| |_\__, | / / / /
 =========|_|==============|___/=/_/_/_/
 :: Spring Boot ::        (v2.1.7.RELEASE)

2021-04-04 11:19:58.668  INFO 3004 --- [    Test worker] study.HelloTest                          : Starting HelloTest on yuhyeongmin-ui-MacBookPro-2.local with PID 3004 (started by yoohyungmin in /Users/yoohyungmin/Desktop/spring-boot-project)
2021-04-04 11:19:58.668  INFO 3004 --- [    Test worker] study.HelloTest                          : The following profiles are active: oauth
2021-04-04 11:19:58.942  INFO 3004 --- [    Test worker] o.s.s.concurrent.ThreadPoolTaskExecutor  : Initializing ExecutorService 'applicationTaskExecutor'
2021-04-04 11:19:58.972  INFO 3004 --- [    Test worker] o.s.b.a.w.s.WelcomePageHandlerMapping    : Adding welcome page template: index
2021-04-04 11:19:59.140  INFO 3004 --- [    Test worker] .s.s.UserDetailsServiceAutoConfiguration : 

Using generated security password: a4df43e0-a2a6-4ca7-9e0d-20e2b7da24fe

2021-04-04 11:19:59.224  INFO 3004 --- [    Test worker] o.s.s.web.DefaultSecurityFilterChain     : Creating filter chain: any request, [org.springframework.security.web.context.request.async.WebAsyncManagerIntegrationFilter@23d39a5a, org.springframework.security.web.context.SecurityContextPersistenceFilter@544229df, org.springframework.security.web.header.HeaderWriterFilter@7c46708b, org.springframework.security.web.csrf.CsrfFilter@4d96122e, org.springframework.security.web.authentication.logout.LogoutFilter@7b03c15, org.springframework.security.web.authentication.UsernamePasswordAuthenticationFilter@119b7f23, org.springframework.security.web.authentication.ui.DefaultLoginPageGeneratingFilter@62cd4c77, org.springframework.security.web.authentication.ui.DefaultLogoutPageGeneratingFilter@6c94d5a3, org.springframework.security.web.authentication.www.BasicAuthenticationFilter@55094714, org.springframework.security.web.savedrequest.RequestCacheAwareFilter@4c4f2308, org.springframework.security.web.servletapi.SecurityContextHolderAwareRequestFilter@3c2d022, org.springframework.security.web.authentication.AnonymousAuthenticationFilter@73ba1ec2, org.springframework.security.web.session.SessionManagementFilter@13c1a4f, org.springframework.security.web.access.ExceptionTranslationFilter@46bbc5ca, org.springframework.security.web.access.intercept.FilterSecurityInterceptor@2d023985]
2021-04-04 11:19:59.235  INFO 3004 --- [    Test worker] o.s.b.t.m.w.SpringBootMockServletContext : Initializing Spring TestDispatcherServlet ''
2021-04-04 11:19:59.235  INFO 3004 --- [    Test worker] o.s.t.web.servlet.TestDispatcherServlet  : Initializing Servlet ''
2021-04-04 11:19:59.238  INFO 3004 --- [    Test worker] o.s.t.web.servlet.TestDispatcherServlet  : Completed initialization in 3 ms
2021-04-04 11:19:59.261  INFO 3004 --- [    Test worker] study.HelloTest                          : Started HelloTest in 0.612 seconds (JVM running for 6.346)
]]></system-out>
  <system-err><![CDATA[]]></system-err>
</testsuite>
