<?xml version="1.0" encoding="UTF-8"?>
<testsuite name="study.domain.posts.PostsRepositoryTest" tests="2" skipped="0" failures="0" errors="0" timestamp="2021-03-10T18:56:32" hostname="yuhyeongmin-ui-MacBookPro-2.local" time="0.022">
  <properties/>
  <testcase name="게시글저장_불러오기" classname="study.domain.posts.PostsRepositoryTest" time="0.014"/>
  <testcase name="BaseTimeEntity_등록" classname="study.domain.posts.PostsRepositoryTest" time="0.007"/>
  <system-out><![CDATA[2021-03-11 03:56:31.855  INFO 10331 --- [    Test worker] .b.t.c.SpringBootTestContextBootstrapper : Neither @ContextConfiguration nor @ContextHierarchy found for test class [study.domain.posts.PostsRepositoryTest], using SpringBootContextLoader
2021-03-11 03:56:31.856  INFO 10331 --- [    Test worker] o.s.t.c.support.AbstractContextLoader    : Could not detect default resource locations for test class [study.domain.posts.PostsRepositoryTest]: no resource found for suffixes {-context.xml, Context.groovy}.
2021-03-11 03:56:31.856  INFO 10331 --- [    Test worker] t.c.s.AnnotationConfigContextLoaderUtils : Could not detect default configuration classes for test class [study.domain.posts.PostsRepositoryTest]: PostsRepositoryTest does not declare any static, non-private, non-final, nested classes annotated with @Configuration.
2021-03-11 03:56:31.861  INFO 10331 --- [    Test worker] .b.t.c.SpringBootTestContextBootstrapper : Found @SpringBootConfiguration study.Application for test class study.domain.posts.PostsRepositoryTest
2021-03-11 03:56:31.862  INFO 10331 --- [    Test worker] .b.t.c.SpringBootTestContextBootstrapper : Loaded default TestExecutionListener class names from location [META-INF/spring.factories]: [org.springframework.security.test.context.support.WithSecurityContextTestExecutionListener, org.springframework.security.test.context.support.ReactorContextTestExecutionListener, org.springframework.boot.test.autoconfigure.restdocs.RestDocsTestExecutionListener, org.springframework.boot.test.autoconfigure.web.client.MockRestServiceServerResetTestExecutionListener, org.springframework.boot.test.autoconfigure.web.servlet.MockMvcPrintOnlyOnFailureTestExecutionListener, org.springframework.boot.test.autoconfigure.web.servlet.WebDriverTestExecutionListener, org.springframework.boot.test.mock.mockito.MockitoTestExecutionListener, org.springframework.boot.test.mock.mockito.ResetMocksTestExecutionListener, org.springframework.test.context.web.ServletTestExecutionListener, org.springframework.test.context.support.DirtiesContextBeforeModesTestExecutionListener, org.springframework.test.context.support.DependencyInjectionTestExecutionListener, org.springframework.test.context.support.DirtiesContextTestExecutionListener, org.springframework.test.context.transaction.TransactionalTestExecutionListener, org.springframework.test.context.jdbc.SqlScriptsTestExecutionListener]
2021-03-11 03:56:31.863  INFO 10331 --- [    Test worker] .b.t.c.SpringBootTestContextBootstrapper : Using TestExecutionListeners: [org.springframework.test.context.web.ServletTestExecutionListener@1be585d9, org.springframework.test.context.support.DirtiesContextBeforeModesTestExecutionListener@71eed5ba, org.springframework.boot.test.mock.mockito.MockitoTestExecutionListener@357f4733, org.springframework.boot.test.autoconfigure.SpringBootDependencyInjectionTestExecutionListener@56783836, org.springframework.test.context.support.DirtiesContextTestExecutionListener@6184a46d, org.springframework.test.context.transaction.TransactionalTestExecutionListener@6640fee2, org.springframework.test.context.jdbc.SqlScriptsTestExecutionListener@29496bc6, org.springframework.security.test.context.support.WithSecurityContextTestExecutionListener@3ee75f51, org.springframework.security.test.context.support.ReactorContextTestExecutionListener@7a84332c, org.springframework.boot.test.autoconfigure.restdocs.RestDocsTestExecutionListener@1b527570, org.springframework.boot.test.autoconfigure.web.client.MockRestServiceServerResetTestExecutionListener@79272a87, org.springframework.boot.test.autoconfigure.web.servlet.MockMvcPrintOnlyOnFailureTestExecutionListener@7d3eff25, org.springframework.boot.test.autoconfigure.web.servlet.WebDriverTestExecutionListener@26f8aefd, org.springframework.boot.test.mock.mockito.ResetMocksTestExecutionListener@2e09a6a7]

  .   ____          _            __ _ _
 /\\ / ___'_ __ _ _(_)_ __  __ _ \ \ \ \
( ( )\___ | '_ | '_| | '_ \/ _` | \ \ \ \
 \\/  ___)| |_)| | | | | || (_| |  ) ) ) )
  '  |____| .__|_| |_|_| |_\__, | / / / /
 =========|_|==============|___/=/_/_/_/
 :: Spring Boot ::        (v2.1.7.RELEASE)

2021-03-11 03:56:31.886  INFO 10331 --- [    Test worker] study.domain.posts.PostsRepositoryTest   : Starting PostsRepositoryTest on yuhyeongmin-ui-MacBookPro-2.local with PID 10331 (started by yoohyungmin in /Users/yoohyungmin/Desktop/spring-boot-project)
2021-03-11 03:56:31.886  INFO 10331 --- [    Test worker] study.domain.posts.PostsRepositoryTest   : The following profiles are active: oauth
2021-03-11 03:56:32.036  INFO 10331 --- [    Test worker] .s.d.r.c.RepositoryConfigurationDelegate : Bootstrapping Spring Data repositories in DEFAULT mode.
2021-03-11 03:56:32.047  INFO 10331 --- [    Test worker] .s.d.r.c.RepositoryConfigurationDelegate : Finished Spring Data repository scanning in 10ms. Found 2 repository interfaces.
2021-03-11 03:56:32.126  INFO 10331 --- [    Test worker] trationDelegate$BeanPostProcessorChecker : Bean 'org.springframework.transaction.annotation.ProxyTransactionManagementConfiguration' of type [org.springframework.transaction.annotation.ProxyTransactionManagementConfiguration$$EnhancerBySpringCGLIB$$2657fd45] is not eligible for getting processed by all BeanPostProcessors (for example: not eligible for auto-proxying)
2021-03-11 03:56:32.187  INFO 10331 --- [    Test worker] com.zaxxer.hikari.HikariDataSource       : sa - Starting...
2021-03-11 03:56:32.188  INFO 10331 --- [    Test worker] com.zaxxer.hikari.HikariDataSource       : sa - Start completed.
2021-03-11 03:56:32.202  INFO 10331 --- [    Test worker] o.hibernate.jpa.internal.util.LogHelper  : HHH000204: Processing PersistenceUnitInfo [
	name: default
	...]
2021-03-11 03:56:32.206  INFO 10331 --- [    Test worker] org.hibernate.dialect.Dialect            : HHH000400: Using dialect: org.hibernate.dialect.H2Dialect
Hibernate: drop table posts if exists
Hibernate: drop table user if exists
Hibernate: create table posts (id bigint generated by default as identity, create_date timestamp, modified_date timestamp, author varchar(255), content TEXT not null, title varchar(500) not null, primary key (id))
Hibernate: create table user (id bigint generated by default as identity, email varchar(255) not null, name varchar(255) not null, picture varchar(255), role varchar(255) not null, primary key (id))
2021-03-11 03:56:32.244  INFO 10331 --- [    Test worker] o.h.t.schema.internal.SchemaCreatorImpl  : HHH000476: Executing import script 'org.hibernate.tool.schema.internal.exec.ScriptSourceInputNonExistentImpl@651587a6'
2021-03-11 03:56:32.244  INFO 10331 --- [    Test worker] j.LocalContainerEntityManagerFactoryBean : Initialized JPA EntityManagerFactory for persistence unit 'default'
2021-03-11 03:56:32.382  INFO 10331 --- [    Test worker] o.h.h.i.QueryTranslatorFactoryInitiator  : HHH000397: Using ASTQueryTranslatorFactory
2021-03-11 03:56:32.472  INFO 10331 --- [    Test worker] o.s.s.web.DefaultSecurityFilterChain     : Creating filter chain: any request, [org.springframework.security.web.context.request.async.WebAsyncManagerIntegrationFilter@9e6dfb2, org.springframework.security.web.context.SecurityContextPersistenceFilter@a22989a, org.springframework.security.web.header.HeaderWriterFilter@335090ce, org.springframework.security.web.authentication.logout.LogoutFilter@6e168836, org.springframework.security.oauth2.client.web.OAuth2AuthorizationRequestRedirectFilter@65539ea4, org.springframework.security.oauth2.client.web.OAuth2LoginAuthenticationFilter@4e863596, org.springframework.security.web.authentication.ui.DefaultLoginPageGeneratingFilter@706e28e9, org.springframework.security.web.authentication.ui.DefaultLogoutPageGeneratingFilter@cc2cc91, org.springframework.security.web.savedrequest.RequestCacheAwareFilter@67ecdc3a, org.springframework.security.web.servletapi.SecurityContextHolderAwareRequestFilter@508de6e9, org.springframework.security.web.authentication.AnonymousAuthenticationFilter@751dc513, org.springframework.security.web.session.SessionManagementFilter@5d7fa786, org.springframework.security.web.access.ExceptionTranslationFilter@5217e692, org.springframework.security.web.access.intercept.FilterSecurityInterceptor@4338c33c]
2021-03-11 03:56:32.659  INFO 10331 --- [    Test worker] o.s.s.concurrent.ThreadPoolTaskExecutor  : Initializing ExecutorService 'applicationTaskExecutor'
2021-03-11 03:56:32.668  WARN 10331 --- [    Test worker] aWebConfiguration$JpaWebMvcConfiguration : spring.jpa.open-in-view is enabled by default. Therefore, database queries may be performed during view rendering. Explicitly configure spring.jpa.open-in-view to disable this warning
2021-03-11 03:56:32.685  INFO 10331 --- [    Test worker] o.s.b.a.w.s.WelcomePageHandlerMapping    : Adding welcome page template: index
2021-03-11 03:56:32.925  INFO 10331 --- [    Test worker] s.a.ScheduledAnnotationBeanPostProcessor : No TaskScheduler/ScheduledExecutorService bean found for scheduled processing
2021-03-11 03:56:32.926  INFO 10331 --- [    Test worker] study.domain.posts.PostsRepositoryTest   : Started PostsRepositoryTest in 1.062 seconds (JVM running for 7.102)
Hibernate: insert into posts (id, create_date, modified_date, author, content, title) values (null, ?, ?, ?, ?, ?)
Hibernate: select posts0_.id as id1_0_, posts0_.create_date as create_d2_0_, posts0_.modified_date as modified3_0_, posts0_.author as author4_0_, posts0_.content as content5_0_, posts0_.title as title6_0_ from posts posts0_
Hibernate: select posts0_.id as id1_0_, posts0_.create_date as create_d2_0_, posts0_.modified_date as modified3_0_, posts0_.author as author4_0_, posts0_.content as content5_0_, posts0_.title as title6_0_ from posts posts0_
Hibernate: delete from posts where id=?
Hibernate: insert into posts (id, create_date, modified_date, author, content, title) values (null, ?, ?, ?, ?, ?)
Hibernate: select posts0_.id as id1_0_, posts0_.create_date as create_d2_0_, posts0_.modified_date as modified3_0_, posts0_.author as author4_0_, posts0_.content as content5_0_, posts0_.title as title6_0_ from posts posts0_
>>>>>>>>> createDate=2021-03-11T03:56:32.945, modifiedDate=2021-03-11T03:56:32.945
Hibernate: select posts0_.id as id1_0_, posts0_.create_date as create_d2_0_, posts0_.modified_date as modified3_0_, posts0_.author as author4_0_, posts0_.content as content5_0_, posts0_.title as title6_0_ from posts posts0_
Hibernate: delete from posts where id=?
]]></system-out>
  <system-err><![CDATA[]]></system-err>
</testsuite>
