<?xml version="1.0" encoding="UTF-8"?>
<testsuite name="study.domain.posts.PostsRepositoryTest" tests="2" skipped="0" failures="0" errors="0" timestamp="2021-03-25T12:24:43" hostname="yuhyeongmin-ui-MacBookPro-2.local" time="0.027">
  <properties/>
  <testcase name="게시글저장_불러오기" classname="study.domain.posts.PostsRepositoryTest" time="0.017"/>
  <testcase name="BaseTimeEntity_등록" classname="study.domain.posts.PostsRepositoryTest" time="0.009"/>
  <system-out><![CDATA[2021-03-25 21:24:42.762  INFO 10721 --- [    Test worker] .b.t.c.SpringBootTestContextBootstrapper : Neither @ContextConfiguration nor @ContextHierarchy found for test class [study.domain.posts.PostsRepositoryTest], using SpringBootContextLoader
2021-03-25 21:24:42.763  INFO 10721 --- [    Test worker] o.s.t.c.support.AbstractContextLoader    : Could not detect default resource locations for test class [study.domain.posts.PostsRepositoryTest]: no resource found for suffixes {-context.xml, Context.groovy}.
2021-03-25 21:24:42.763  INFO 10721 --- [    Test worker] t.c.s.AnnotationConfigContextLoaderUtils : Could not detect default configuration classes for test class [study.domain.posts.PostsRepositoryTest]: PostsRepositoryTest does not declare any static, non-private, non-final, nested classes annotated with @Configuration.
2021-03-25 21:24:42.768  INFO 10721 --- [    Test worker] .b.t.c.SpringBootTestContextBootstrapper : Found @SpringBootConfiguration study.Application for test class study.domain.posts.PostsRepositoryTest
2021-03-25 21:24:42.769  INFO 10721 --- [    Test worker] .b.t.c.SpringBootTestContextBootstrapper : Loaded default TestExecutionListener class names from location [META-INF/spring.factories]: [org.springframework.security.test.context.support.WithSecurityContextTestExecutionListener, org.springframework.security.test.context.support.ReactorContextTestExecutionListener, org.springframework.boot.test.autoconfigure.restdocs.RestDocsTestExecutionListener, org.springframework.boot.test.autoconfigure.web.client.MockRestServiceServerResetTestExecutionListener, org.springframework.boot.test.autoconfigure.web.servlet.MockMvcPrintOnlyOnFailureTestExecutionListener, org.springframework.boot.test.autoconfigure.web.servlet.WebDriverTestExecutionListener, org.springframework.boot.test.mock.mockito.MockitoTestExecutionListener, org.springframework.boot.test.mock.mockito.ResetMocksTestExecutionListener, org.springframework.test.context.web.ServletTestExecutionListener, org.springframework.test.context.support.DirtiesContextBeforeModesTestExecutionListener, org.springframework.test.context.support.DependencyInjectionTestExecutionListener, org.springframework.test.context.support.DirtiesContextTestExecutionListener, org.springframework.test.context.transaction.TransactionalTestExecutionListener, org.springframework.test.context.jdbc.SqlScriptsTestExecutionListener]
2021-03-25 21:24:42.769  INFO 10721 --- [    Test worker] .b.t.c.SpringBootTestContextBootstrapper : Using TestExecutionListeners: [org.springframework.test.context.web.ServletTestExecutionListener@3a423de, org.springframework.test.context.support.DirtiesContextBeforeModesTestExecutionListener@7e71f666, org.springframework.boot.test.mock.mockito.MockitoTestExecutionListener@46b2eaf3, org.springframework.boot.test.autoconfigure.SpringBootDependencyInjectionTestExecutionListener@74a44515, org.springframework.test.context.support.DirtiesContextTestExecutionListener@56bc328c, org.springframework.test.context.transaction.TransactionalTestExecutionListener@270f3cfb, org.springframework.test.context.jdbc.SqlScriptsTestExecutionListener@763baf9b, org.springframework.security.test.context.support.WithSecurityContextTestExecutionListener@2061d0a4, org.springframework.security.test.context.support.ReactorContextTestExecutionListener@17feae76, org.springframework.boot.test.autoconfigure.restdocs.RestDocsTestExecutionListener@4948b096, org.springframework.boot.test.autoconfigure.web.client.MockRestServiceServerResetTestExecutionListener@62249953, org.springframework.boot.test.autoconfigure.web.servlet.MockMvcPrintOnlyOnFailureTestExecutionListener@4cee9143, org.springframework.boot.test.autoconfigure.web.servlet.WebDriverTestExecutionListener@2e011bb6, org.springframework.boot.test.mock.mockito.ResetMocksTestExecutionListener@2241c2e0]

  .   ____          _            __ _ _
 /\\ / ___'_ __ _ _(_)_ __  __ _ \ \ \ \
( ( )\___ | '_ | '_| | '_ \/ _` | \ \ \ \
 \\/  ___)| |_)| | | | | || (_| |  ) ) ) )
  '  |____| .__|_| |_|_| |_\__, | / / / /
 =========|_|==============|___/=/_/_/_/
 :: Spring Boot ::        (v2.1.7.RELEASE)

2021-03-25 21:24:42.785  INFO 10721 --- [    Test worker] study.domain.posts.PostsRepositoryTest   : Starting PostsRepositoryTest on yuhyeongmin-ui-MacBookPro-2.local with PID 10721 (started by yoohyungmin in /Users/yoohyungmin/Desktop/spring-boot-project)
2021-03-25 21:24:42.786  INFO 10721 --- [    Test worker] study.domain.posts.PostsRepositoryTest   : The following profiles are active: oauth
2021-03-25 21:24:42.923  INFO 10721 --- [    Test worker] .s.d.r.c.RepositoryConfigurationDelegate : Bootstrapping Spring Data repositories in DEFAULT mode.
2021-03-25 21:24:42.934  INFO 10721 --- [    Test worker] .s.d.r.c.RepositoryConfigurationDelegate : Finished Spring Data repository scanning in 11ms. Found 2 repository interfaces.
2021-03-25 21:24:43.007  INFO 10721 --- [    Test worker] trationDelegate$BeanPostProcessorChecker : Bean 'org.springframework.transaction.annotation.ProxyTransactionManagementConfiguration' of type [org.springframework.transaction.annotation.ProxyTransactionManagementConfiguration$$EnhancerBySpringCGLIB$$2283d9d7] is not eligible for getting processed by all BeanPostProcessors (for example: not eligible for auto-proxying)
2021-03-25 21:24:43.068  INFO 10721 --- [    Test worker] com.zaxxer.hikari.HikariDataSource       : sa - Starting...
2021-03-25 21:24:43.069  INFO 10721 --- [    Test worker] com.zaxxer.hikari.HikariDataSource       : sa - Start completed.
2021-03-25 21:24:43.084  INFO 10721 --- [    Test worker] o.hibernate.jpa.internal.util.LogHelper  : HHH000204: Processing PersistenceUnitInfo [
	name: default
	...]
2021-03-25 21:24:43.088  INFO 10721 --- [    Test worker] org.hibernate.dialect.Dialect            : HHH000400: Using dialect: org.hibernate.dialect.H2Dialect
Hibernate: drop table posts if exists
Hibernate: drop table users if exists
Hibernate: create table posts (id bigint generated by default as identity, create_date timestamp, modified_date timestamp, author varchar(255), content TEXT not null, title varchar(500) not null, primary key (id))
Hibernate: create table users (id bigint generated by default as identity, email varchar(255) not null, name varchar(255) not null, picture varchar(255), role varchar(255) not null, primary key (id))
2021-03-25 21:24:43.122  INFO 10721 --- [    Test worker] o.h.t.schema.internal.SchemaCreatorImpl  : HHH000476: Executing import script 'org.hibernate.tool.schema.internal.exec.ScriptSourceInputNonExistentImpl@445ac973'
2021-03-25 21:24:43.122  INFO 10721 --- [    Test worker] j.LocalContainerEntityManagerFactoryBean : Initialized JPA EntityManagerFactory for persistence unit 'default'
2021-03-25 21:24:43.241  INFO 10721 --- [    Test worker] o.h.h.i.QueryTranslatorFactoryInitiator  : HHH000397: Using ASTQueryTranslatorFactory
2021-03-25 21:24:43.338  INFO 10721 --- [    Test worker] o.s.s.web.DefaultSecurityFilterChain     : Creating filter chain: any request, [org.springframework.security.web.context.request.async.WebAsyncManagerIntegrationFilter@2de901b1, org.springframework.security.web.context.SecurityContextPersistenceFilter@30545f3b, org.springframework.security.web.header.HeaderWriterFilter@1ecf6bf4, org.springframework.security.web.authentication.logout.LogoutFilter@24b330c1, org.springframework.security.oauth2.client.web.OAuth2AuthorizationRequestRedirectFilter@1646360f, org.springframework.security.oauth2.client.web.OAuth2LoginAuthenticationFilter@54af5f11, org.springframework.security.web.authentication.ui.DefaultLoginPageGeneratingFilter@368c1cac, org.springframework.security.web.authentication.ui.DefaultLogoutPageGeneratingFilter@2ae4c842, org.springframework.security.web.savedrequest.RequestCacheAwareFilter@4ad25da2, org.springframework.security.web.servletapi.SecurityContextHolderAwareRequestFilter@2f270fc7, org.springframework.security.web.authentication.AnonymousAuthenticationFilter@d35655f, org.springframework.security.web.session.SessionManagementFilter@653fc2b, org.springframework.security.web.access.ExceptionTranslationFilter@7ffa06b, org.springframework.security.web.access.intercept.FilterSecurityInterceptor@57ba0608]
2021-03-25 21:24:43.504  INFO 10721 --- [    Test worker] o.s.s.concurrent.ThreadPoolTaskExecutor  : Initializing ExecutorService 'applicationTaskExecutor'
2021-03-25 21:24:43.514  WARN 10721 --- [    Test worker] aWebConfiguration$JpaWebMvcConfiguration : spring.jpa.open-in-view is enabled by default. Therefore, database queries may be performed during view rendering. Explicitly configure spring.jpa.open-in-view to disable this warning
2021-03-25 21:24:43.533  INFO 10721 --- [    Test worker] o.s.b.a.w.s.WelcomePageHandlerMapping    : Adding welcome page template: index
2021-03-25 21:24:43.793  INFO 10721 --- [    Test worker] s.a.ScheduledAnnotationBeanPostProcessor : No TaskScheduler/ScheduledExecutorService bean found for scheduled processing
2021-03-25 21:24:43.794  INFO 10721 --- [    Test worker] study.domain.posts.PostsRepositoryTest   : Started PostsRepositoryTest in 1.023 seconds (JVM running for 7.675)
Hibernate: insert into posts (id, create_date, modified_date, author, content, title) values (null, ?, ?, ?, ?, ?)
Hibernate: select posts0_.id as id1_0_, posts0_.create_date as create_d2_0_, posts0_.modified_date as modified3_0_, posts0_.author as author4_0_, posts0_.content as content5_0_, posts0_.title as title6_0_ from posts posts0_
Hibernate: select posts0_.id as id1_0_, posts0_.create_date as create_d2_0_, posts0_.modified_date as modified3_0_, posts0_.author as author4_0_, posts0_.content as content5_0_, posts0_.title as title6_0_ from posts posts0_
Hibernate: delete from posts where id=?
Hibernate: insert into posts (id, create_date, modified_date, author, content, title) values (null, ?, ?, ?, ?, ?)
Hibernate: select posts0_.id as id1_0_, posts0_.create_date as create_d2_0_, posts0_.modified_date as modified3_0_, posts0_.author as author4_0_, posts0_.content as content5_0_, posts0_.title as title6_0_ from posts posts0_
>>>>>>>>> createDate=2021-03-25T21:24:43.819, modifiedDate=2021-03-25T21:24:43.819
Hibernate: select posts0_.id as id1_0_, posts0_.create_date as create_d2_0_, posts0_.modified_date as modified3_0_, posts0_.author as author4_0_, posts0_.content as content5_0_, posts0_.title as title6_0_ from posts posts0_
Hibernate: delete from posts where id=?
]]></system-out>
  <system-err><![CDATA[]]></system-err>
</testsuite>
