<?xml version="1.0" encoding="UTF-8"?>
<testsuite name="study.HelloTest" tests="2" skipped="0" failures="0" errors="0" timestamp="2021-03-10T18:56:31" hostname="yuhyeongmin-ui-MacBookPro-2.local" time="0.024">
  <properties/>
  <testcase name="hello_반환" classname="study.HelloTest" time="0.021"/>
  <testcase name="이름_나이_입력" classname="study.HelloTest" time="0.003"/>
  <system-out><![CDATA[2021-03-11 03:56:31.209  INFO 10331 --- [    Test worker] .b.t.a.w.s.WebMvcTestContextBootstrapper : Neither @ContextConfiguration nor @ContextHierarchy found for test class [study.HelloTest], using SpringBootContextLoader
2021-03-11 03:56:31.210  INFO 10331 --- [    Test worker] o.s.t.c.support.AbstractContextLoader    : Could not detect default resource locations for test class [study.HelloTest]: no resource found for suffixes {-context.xml, Context.groovy}.
2021-03-11 03:56:31.210  INFO 10331 --- [    Test worker] t.c.s.AnnotationConfigContextLoaderUtils : Could not detect default configuration classes for test class [study.HelloTest]: HelloTest does not declare any static, non-private, non-final, nested classes annotated with @Configuration.
2021-03-11 03:56:31.225  INFO 10331 --- [    Test worker] .b.t.c.SpringBootTestContextBootstrapper : Found @SpringBootConfiguration study.Application for test class study.HelloTest
2021-03-11 03:56:31.226  INFO 10331 --- [    Test worker] .b.t.a.w.s.WebMvcTestContextBootstrapper : Loaded default TestExecutionListener class names from location [META-INF/spring.factories]: [org.springframework.security.test.context.support.WithSecurityContextTestExecutionListener, org.springframework.security.test.context.support.ReactorContextTestExecutionListener, org.springframework.boot.test.autoconfigure.restdocs.RestDocsTestExecutionListener, org.springframework.boot.test.autoconfigure.web.client.MockRestServiceServerResetTestExecutionListener, org.springframework.boot.test.autoconfigure.web.servlet.MockMvcPrintOnlyOnFailureTestExecutionListener, org.springframework.boot.test.autoconfigure.web.servlet.WebDriverTestExecutionListener, org.springframework.boot.test.mock.mockito.MockitoTestExecutionListener, org.springframework.boot.test.mock.mockito.ResetMocksTestExecutionListener, org.springframework.test.context.web.ServletTestExecutionListener, org.springframework.test.context.support.DirtiesContextBeforeModesTestExecutionListener, org.springframework.test.context.support.DependencyInjectionTestExecutionListener, org.springframework.test.context.support.DirtiesContextTestExecutionListener, org.springframework.test.context.transaction.TransactionalTestExecutionListener, org.springframework.test.context.jdbc.SqlScriptsTestExecutionListener]
2021-03-11 03:56:31.227  INFO 10331 --- [    Test worker] .b.t.a.w.s.WebMvcTestContextBootstrapper : Using TestExecutionListeners: [org.springframework.test.context.web.ServletTestExecutionListener@1e89749f, org.springframework.test.context.support.DirtiesContextBeforeModesTestExecutionListener@330f45cf, org.springframework.boot.test.mock.mockito.MockitoTestExecutionListener@7241b976, org.springframework.boot.test.autoconfigure.SpringBootDependencyInjectionTestExecutionListener@25eb95be, org.springframework.test.context.support.DirtiesContextTestExecutionListener@70132010, org.springframework.test.context.transaction.TransactionalTestExecutionListener@397b32e0, org.springframework.test.context.jdbc.SqlScriptsTestExecutionListener@460eb6b0, org.springframework.security.test.context.support.WithSecurityContextTestExecutionListener@3fb18daa, org.springframework.security.test.context.support.ReactorContextTestExecutionListener@564b39ec, org.springframework.boot.test.autoconfigure.restdocs.RestDocsTestExecutionListener@3647fdf7, org.springframework.boot.test.autoconfigure.web.client.MockRestServiceServerResetTestExecutionListener@54f76b9, org.springframework.boot.test.autoconfigure.web.servlet.MockMvcPrintOnlyOnFailureTestExecutionListener@36206767, org.springframework.boot.test.autoconfigure.web.servlet.WebDriverTestExecutionListener@392bbc16, org.springframework.boot.test.mock.mockito.ResetMocksTestExecutionListener@308a4681]

  .   ____          _            __ _ _
 /\\ / ___'_ __ _ _(_)_ __  __ _ \ \ \ \
( ( )\___ | '_ | '_| | '_ \/ _` | \ \ \ \
 \\/  ___)| |_)| | | | | || (_| |  ) ) ) )
  '  |____| .__|_| |_|_| |_\__, | / / / /
 =========|_|==============|___/=/_/_/_/
 :: Spring Boot ::        (v2.1.7.RELEASE)

2021-03-11 03:56:31.264  INFO 10331 --- [    Test worker] study.HelloTest                          : Starting HelloTest on yuhyeongmin-ui-MacBookPro-2.local with PID 10331 (started by yoohyungmin in /Users/yoohyungmin/Desktop/spring-boot-project)
2021-03-11 03:56:31.265  INFO 10331 --- [    Test worker] study.HelloTest                          : The following profiles are active: oauth
2021-03-11 03:56:31.529  INFO 10331 --- [    Test worker] o.s.s.concurrent.ThreadPoolTaskExecutor  : Initializing ExecutorService 'applicationTaskExecutor'
2021-03-11 03:56:31.550  INFO 10331 --- [    Test worker] o.s.b.a.w.s.WelcomePageHandlerMapping    : Adding welcome page template: index
2021-03-11 03:56:31.701  INFO 10331 --- [    Test worker] .s.s.UserDetailsServiceAutoConfiguration : 

Using generated security password: 051660ac-ab37-47d2-8b97-b86da1ac7772

2021-03-11 03:56:31.796  INFO 10331 --- [    Test worker] o.s.s.web.DefaultSecurityFilterChain     : Creating filter chain: any request, [org.springframework.security.web.context.request.async.WebAsyncManagerIntegrationFilter@5992c340, org.springframework.security.web.context.SecurityContextPersistenceFilter@46bbc5ca, org.springframework.security.web.header.HeaderWriterFilter@4d96122e, org.springframework.security.web.csrf.CsrfFilter@7053600b, org.springframework.security.web.authentication.logout.LogoutFilter@62cd4c77, org.springframework.security.web.authentication.UsernamePasswordAuthenticationFilter@c78973f, org.springframework.security.web.authentication.ui.DefaultLoginPageGeneratingFilter@544229df, org.springframework.security.web.authentication.ui.DefaultLogoutPageGeneratingFilter@55094714, org.springframework.security.web.authentication.www.BasicAuthenticationFilter@2d023985, org.springframework.security.web.savedrequest.RequestCacheAwareFilter@7c46708b, org.springframework.security.web.servletapi.SecurityContextHolderAwareRequestFilter@13c1a4f, org.springframework.security.web.authentication.AnonymousAuthenticationFilter@69fb9221, org.springframework.security.web.session.SessionManagementFilter@262e60af, org.springframework.security.web.access.ExceptionTranslationFilter@3a101aec, org.springframework.security.web.access.intercept.FilterSecurityInterceptor@f166660]
2021-03-11 03:56:31.807  INFO 10331 --- [    Test worker] o.s.b.t.m.w.SpringBootMockServletContext : Initializing Spring TestDispatcherServlet ''
2021-03-11 03:56:31.808  INFO 10331 --- [    Test worker] o.s.t.web.servlet.TestDispatcherServlet  : Initializing Servlet ''
2021-03-11 03:56:31.809  INFO 10331 --- [    Test worker] o.s.t.web.servlet.TestDispatcherServlet  : Completed initialization in 1 ms
2021-03-11 03:56:31.829  INFO 10331 --- [    Test worker] study.HelloTest                          : Started HelloTest in 0.592 seconds (JVM running for 6.004)
]]></system-out>
  <system-err><![CDATA[]]></system-err>
</testsuite>
