<?xml version="1.0" encoding="UTF-8"?>
<testsuite name="study.HelloTest" tests="2" skipped="0" failures="0" errors="0" timestamp="2021-03-10T18:02:24" hostname="yuhyeongmin-ui-MacBookPro-2.local" time="0.016">
  <properties/>
  <testcase name="hello_반환" classname="study.HelloTest" time="0.013"/>
  <testcase name="이름_나이_입력" classname="study.HelloTest" time="0.002"/>
  <system-out><![CDATA[2021-03-11 03:02:23.657  INFO 3099 --- [    Test worker] .b.t.a.w.s.WebMvcTestContextBootstrapper : Neither @ContextConfiguration nor @ContextHierarchy found for test class [study.HelloTest], using SpringBootContextLoader
2021-03-11 03:02:23.658  INFO 3099 --- [    Test worker] o.s.t.c.support.AbstractContextLoader    : Could not detect default resource locations for test class [study.HelloTest]: no resource found for suffixes {-context.xml, Context.groovy}.
2021-03-11 03:02:23.658  INFO 3099 --- [    Test worker] t.c.s.AnnotationConfigContextLoaderUtils : Could not detect default configuration classes for test class [study.HelloTest]: HelloTest does not declare any static, non-private, non-final, nested classes annotated with @Configuration.
2021-03-11 03:02:23.676  INFO 3099 --- [    Test worker] .b.t.c.SpringBootTestContextBootstrapper : Found @SpringBootConfiguration study.Application for test class study.HelloTest
2021-03-11 03:02:23.677  INFO 3099 --- [    Test worker] .b.t.a.w.s.WebMvcTestContextBootstrapper : Loaded default TestExecutionListener class names from location [META-INF/spring.factories]: [org.springframework.security.test.context.support.WithSecurityContextTestExecutionListener, org.springframework.security.test.context.support.ReactorContextTestExecutionListener, org.springframework.boot.test.autoconfigure.restdocs.RestDocsTestExecutionListener, org.springframework.boot.test.autoconfigure.web.client.MockRestServiceServerResetTestExecutionListener, org.springframework.boot.test.autoconfigure.web.servlet.MockMvcPrintOnlyOnFailureTestExecutionListener, org.springframework.boot.test.autoconfigure.web.servlet.WebDriverTestExecutionListener, org.springframework.boot.test.mock.mockito.MockitoTestExecutionListener, org.springframework.boot.test.mock.mockito.ResetMocksTestExecutionListener, org.springframework.test.context.web.ServletTestExecutionListener, org.springframework.test.context.support.DirtiesContextBeforeModesTestExecutionListener, org.springframework.test.context.support.DependencyInjectionTestExecutionListener, org.springframework.test.context.support.DirtiesContextTestExecutionListener, org.springframework.test.context.transaction.TransactionalTestExecutionListener, org.springframework.test.context.jdbc.SqlScriptsTestExecutionListener]
2021-03-11 03:02:23.677  INFO 3099 --- [    Test worker] .b.t.a.w.s.WebMvcTestContextBootstrapper : Using TestExecutionListeners: [org.springframework.test.context.web.ServletTestExecutionListener@26236e28, org.springframework.test.context.support.DirtiesContextBeforeModesTestExecutionListener@7a57fd70, org.springframework.boot.test.mock.mockito.MockitoTestExecutionListener@31e4e0ee, org.springframework.boot.test.autoconfigure.SpringBootDependencyInjectionTestExecutionListener@4026fea5, org.springframework.test.context.support.DirtiesContextTestExecutionListener@7dc98aa7, org.springframework.test.context.transaction.TransactionalTestExecutionListener@38305413, org.springframework.test.context.jdbc.SqlScriptsTestExecutionListener@2ec5306b, org.springframework.security.test.context.support.WithSecurityContextTestExecutionListener@596120c0, org.springframework.security.test.context.support.ReactorContextTestExecutionListener@684c15f9, org.springframework.boot.test.autoconfigure.restdocs.RestDocsTestExecutionListener@52e6442f, org.springframework.boot.test.autoconfigure.web.client.MockRestServiceServerResetTestExecutionListener@55276070, org.springframework.boot.test.autoconfigure.web.servlet.MockMvcPrintOnlyOnFailureTestExecutionListener@5903d34, org.springframework.boot.test.autoconfigure.web.servlet.WebDriverTestExecutionListener@d7b03a2, org.springframework.boot.test.mock.mockito.ResetMocksTestExecutionListener@6ddcf91e]

  .   ____          _            __ _ _
 /\\ / ___'_ __ _ _(_)_ __  __ _ \ \ \ \
( ( )\___ | '_ | '_| | '_ \/ _` | \ \ \ \
 \\/  ___)| |_)| | | | | || (_| |  ) ) ) )
  '  |____| .__|_| |_|_| |_\__, | / / / /
 =========|_|==============|___/=/_/_/_/
 :: Spring Boot ::        (v2.1.7.RELEASE)

2021-03-11 03:02:23.714  INFO 3099 --- [    Test worker] study.HelloTest                          : Starting HelloTest on yuhyeongmin-ui-MacBookPro-2.local with PID 3099 (started by yoohyungmin in /Users/yoohyungmin/Desktop/spring-boot-project)
2021-03-11 03:02:23.715  INFO 3099 --- [    Test worker] study.HelloTest                          : The following profiles are active: oauth
2021-03-11 03:02:24.051  INFO 3099 --- [    Test worker] o.s.s.concurrent.ThreadPoolTaskExecutor  : Initializing ExecutorService 'applicationTaskExecutor'
2021-03-11 03:02:24.073  INFO 3099 --- [    Test worker] o.s.b.a.w.s.WelcomePageHandlerMapping    : Adding welcome page template: index
2021-03-11 03:02:24.200  INFO 3099 --- [    Test worker] .s.s.UserDetailsServiceAutoConfiguration : 

Using generated security password: cf10348c-4662-4a17-8a82-c84d8d4fc350

2021-03-11 03:02:24.288  INFO 3099 --- [    Test worker] o.s.s.web.DefaultSecurityFilterChain     : Creating filter chain: any request, [org.springframework.security.web.context.request.async.WebAsyncManagerIntegrationFilter@49d52139, org.springframework.security.web.context.SecurityContextPersistenceFilter@514919df, org.springframework.security.web.header.HeaderWriterFilter@3a0d045d, org.springframework.security.web.csrf.CsrfFilter@112a390d, org.springframework.security.web.authentication.logout.LogoutFilter@23171734, org.springframework.security.web.authentication.UsernamePasswordAuthenticationFilter@3e725f0c, org.springframework.security.web.authentication.ui.DefaultLoginPageGeneratingFilter@606486d, org.springframework.security.web.authentication.ui.DefaultLogoutPageGeneratingFilter@59588109, org.springframework.security.web.authentication.www.BasicAuthenticationFilter@7a4bcc68, org.springframework.security.web.savedrequest.RequestCacheAwareFilter@53511c63, org.springframework.security.web.servletapi.SecurityContextHolderAwareRequestFilter@12cd5b8, org.springframework.security.web.authentication.AnonymousAuthenticationFilter@7dd42ec6, org.springframework.security.web.session.SessionManagementFilter@7aafb040, org.springframework.security.web.access.ExceptionTranslationFilter@32b61580, org.springframework.security.web.access.intercept.FilterSecurityInterceptor@1a80b4f9]
2021-03-11 03:02:24.297  INFO 3099 --- [    Test worker] o.s.b.t.m.w.SpringBootMockServletContext : Initializing Spring TestDispatcherServlet ''
2021-03-11 03:02:24.297  INFO 3099 --- [    Test worker] o.s.t.web.servlet.TestDispatcherServlet  : Initializing Servlet ''
2021-03-11 03:02:24.299  INFO 3099 --- [    Test worker] o.s.t.web.servlet.TestDispatcherServlet  : Completed initialization in 2 ms
2021-03-11 03:02:24.315  INFO 3099 --- [    Test worker] study.HelloTest                          : Started HelloTest in 0.632 seconds (JVM running for 7.105)
]]></system-out>
  <system-err><![CDATA[]]></system-err>
</testsuite>
