<?xml version="1.0" encoding="UTF-8"?>
<testsuite name="study.HelloTest" tests="2" skipped="0" failures="0" errors="0" timestamp="2021-03-25T12:24:42" hostname="yuhyeongmin-ui-MacBookPro-2.local" time="0.028">
  <properties/>
  <testcase name="hello_반환" classname="study.HelloTest" time="0.025"/>
  <testcase name="이름_나이_입력" classname="study.HelloTest" time="0.002"/>
  <system-out><![CDATA[2021-03-25 21:24:42.194  INFO 10721 --- [    Test worker] .b.t.a.w.s.WebMvcTestContextBootstrapper : Neither @ContextConfiguration nor @ContextHierarchy found for test class [study.HelloTest], using SpringBootContextLoader
2021-03-25 21:24:42.195  INFO 10721 --- [    Test worker] o.s.t.c.support.AbstractContextLoader    : Could not detect default resource locations for test class [study.HelloTest]: no resource found for suffixes {-context.xml, Context.groovy}.
2021-03-25 21:24:42.195  INFO 10721 --- [    Test worker] t.c.s.AnnotationConfigContextLoaderUtils : Could not detect default configuration classes for test class [study.HelloTest]: HelloTest does not declare any static, non-private, non-final, nested classes annotated with @Configuration.
2021-03-25 21:24:42.209  INFO 10721 --- [    Test worker] .b.t.c.SpringBootTestContextBootstrapper : Found @SpringBootConfiguration study.Application for test class study.HelloTest
2021-03-25 21:24:42.210  INFO 10721 --- [    Test worker] .b.t.a.w.s.WebMvcTestContextBootstrapper : Loaded default TestExecutionListener class names from location [META-INF/spring.factories]: [org.springframework.security.test.context.support.WithSecurityContextTestExecutionListener, org.springframework.security.test.context.support.ReactorContextTestExecutionListener, org.springframework.boot.test.autoconfigure.restdocs.RestDocsTestExecutionListener, org.springframework.boot.test.autoconfigure.web.client.MockRestServiceServerResetTestExecutionListener, org.springframework.boot.test.autoconfigure.web.servlet.MockMvcPrintOnlyOnFailureTestExecutionListener, org.springframework.boot.test.autoconfigure.web.servlet.WebDriverTestExecutionListener, org.springframework.boot.test.mock.mockito.MockitoTestExecutionListener, org.springframework.boot.test.mock.mockito.ResetMocksTestExecutionListener, org.springframework.test.context.web.ServletTestExecutionListener, org.springframework.test.context.support.DirtiesContextBeforeModesTestExecutionListener, org.springframework.test.context.support.DependencyInjectionTestExecutionListener, org.springframework.test.context.support.DirtiesContextTestExecutionListener, org.springframework.test.context.transaction.TransactionalTestExecutionListener, org.springframework.test.context.jdbc.SqlScriptsTestExecutionListener]
2021-03-25 21:24:42.210  INFO 10721 --- [    Test worker] .b.t.a.w.s.WebMvcTestContextBootstrapper : Using TestExecutionListeners: [org.springframework.test.context.web.ServletTestExecutionListener@4fdb4bad, org.springframework.test.context.support.DirtiesContextBeforeModesTestExecutionListener@f25723, org.springframework.boot.test.mock.mockito.MockitoTestExecutionListener@7fcbf5fb, org.springframework.boot.test.autoconfigure.SpringBootDependencyInjectionTestExecutionListener@525ad4d7, org.springframework.test.context.support.DirtiesContextTestExecutionListener@47496b12, org.springframework.test.context.transaction.TransactionalTestExecutionListener@55906797, org.springframework.test.context.jdbc.SqlScriptsTestExecutionListener@75d434f3, org.springframework.security.test.context.support.WithSecurityContextTestExecutionListener@712cbaf2, org.springframework.security.test.context.support.ReactorContextTestExecutionListener@7d314e3e, org.springframework.boot.test.autoconfigure.restdocs.RestDocsTestExecutionListener@2bcb22d0, org.springframework.boot.test.autoconfigure.web.client.MockRestServiceServerResetTestExecutionListener@7fece8f6, org.springframework.boot.test.autoconfigure.web.servlet.MockMvcPrintOnlyOnFailureTestExecutionListener@6b8326d3, org.springframework.boot.test.autoconfigure.web.servlet.WebDriverTestExecutionListener@1cb4d523, org.springframework.boot.test.mock.mockito.ResetMocksTestExecutionListener@6e9ba9c7]

  .   ____          _            __ _ _
 /\\ / ___'_ __ _ _(_)_ __  __ _ \ \ \ \
( ( )\___ | '_ | '_| | '_ \/ _` | \ \ \ \
 \\/  ___)| |_)| | | | | || (_| |  ) ) ) )
  '  |____| .__|_| |_|_| |_\__, | / / / /
 =========|_|==============|___/=/_/_/_/
 :: Spring Boot ::        (v2.1.7.RELEASE)

2021-03-25 21:24:42.235  INFO 10721 --- [    Test worker] study.HelloTest                          : Starting HelloTest on yuhyeongmin-ui-MacBookPro-2.local with PID 10721 (started by yoohyungmin in /Users/yoohyungmin/Desktop/spring-boot-project)
2021-03-25 21:24:42.236  INFO 10721 --- [    Test worker] study.HelloTest                          : The following profiles are active: oauth
2021-03-25 21:24:42.479  INFO 10721 --- [    Test worker] o.s.s.concurrent.ThreadPoolTaskExecutor  : Initializing ExecutorService 'applicationTaskExecutor'
2021-03-25 21:24:42.499  INFO 10721 --- [    Test worker] o.s.b.a.w.s.WelcomePageHandlerMapping    : Adding welcome page template: index
2021-03-25 21:24:42.621  INFO 10721 --- [    Test worker] .s.s.UserDetailsServiceAutoConfiguration : 

Using generated security password: 423bc04e-088d-4275-8474-f5c662315a62

2021-03-25 21:24:42.693  INFO 10721 --- [    Test worker] o.s.s.web.DefaultSecurityFilterChain     : Creating filter chain: any request, [org.springframework.security.web.context.request.async.WebAsyncManagerIntegrationFilter@714b0c1a, org.springframework.security.web.context.SecurityContextPersistenceFilter@38688edc, org.springframework.security.web.header.HeaderWriterFilter@3fb3c691, org.springframework.security.web.csrf.CsrfFilter@4b94a66, org.springframework.security.web.authentication.logout.LogoutFilter@58c76e35, org.springframework.security.web.authentication.UsernamePasswordAuthenticationFilter@39bd83f2, org.springframework.security.web.authentication.ui.DefaultLoginPageGeneratingFilter@33037ad9, org.springframework.security.web.authentication.ui.DefaultLogoutPageGeneratingFilter@79541c58, org.springframework.security.web.authentication.www.BasicAuthenticationFilter@156dc1eb, org.springframework.security.web.savedrequest.RequestCacheAwareFilter@5972b2d0, org.springframework.security.web.servletapi.SecurityContextHolderAwareRequestFilter@78547021, org.springframework.security.web.authentication.AnonymousAuthenticationFilter@2cdf800, org.springframework.security.web.session.SessionManagementFilter@7117517b, org.springframework.security.web.access.ExceptionTranslationFilter@2b394841, org.springframework.security.web.access.intercept.FilterSecurityInterceptor@19351ab0]
2021-03-25 21:24:42.704  INFO 10721 --- [    Test worker] o.s.b.t.m.w.SpringBootMockServletContext : Initializing Spring TestDispatcherServlet ''
2021-03-25 21:24:42.705  INFO 10721 --- [    Test worker] o.s.t.web.servlet.TestDispatcherServlet  : Initializing Servlet ''
2021-03-25 21:24:42.708  INFO 10721 --- [    Test worker] o.s.t.web.servlet.TestDispatcherServlet  : Completed initialization in 3 ms
2021-03-25 21:24:42.731  INFO 10721 --- [    Test worker] study.HelloTest                          : Started HelloTest in 0.516 seconds (JVM running for 6.612)
]]></system-out>
  <system-err><![CDATA[]]></system-err>
</testsuite>
