<?xml version="1.0" encoding="UTF-8"?>
<testsuite name="study.domain.posts.PostsRepositoryTest" tests="2" skipped="0" failures="0" errors="0" timestamp="2021-04-04T02:20:00" hostname="yuhyeongmin-ui-MacBookPro-2.local" time="0.022">
  <properties/>
  <testcase name="게시글저장_불러오기" classname="study.domain.posts.PostsRepositoryTest" time="0.015"/>
  <testcase name="BaseTimeEntity_등록" classname="study.domain.posts.PostsRepositoryTest" time="0.007"/>
  <system-out><![CDATA[2021-04-04 11:19:59.290  INFO 3004 --- [    Test worker] .b.t.c.SpringBootTestContextBootstrapper : Neither @ContextConfiguration nor @ContextHierarchy found for test class [study.domain.posts.PostsRepositoryTest], using SpringBootContextLoader
2021-04-04 11:19:59.291  INFO 3004 --- [    Test worker] o.s.t.c.support.AbstractContextLoader    : Could not detect default resource locations for test class [study.domain.posts.PostsRepositoryTest]: no resource found for suffixes {-context.xml, Context.groovy}.
2021-04-04 11:19:59.291  INFO 3004 --- [    Test worker] t.c.s.AnnotationConfigContextLoaderUtils : Could not detect default configuration classes for test class [study.domain.posts.PostsRepositoryTest]: PostsRepositoryTest does not declare any static, non-private, non-final, nested classes annotated with @Configuration.
2021-04-04 11:19:59.296  INFO 3004 --- [    Test worker] .b.t.c.SpringBootTestContextBootstrapper : Found @SpringBootConfiguration study.Application for test class study.domain.posts.PostsRepositoryTest
2021-04-04 11:19:59.297  INFO 3004 --- [    Test worker] .b.t.c.SpringBootTestContextBootstrapper : Loaded default TestExecutionListener class names from location [META-INF/spring.factories]: [org.springframework.security.test.context.support.WithSecurityContextTestExecutionListener, org.springframework.security.test.context.support.ReactorContextTestExecutionListener, org.springframework.boot.test.autoconfigure.restdocs.RestDocsTestExecutionListener, org.springframework.boot.test.autoconfigure.web.client.MockRestServiceServerResetTestExecutionListener, org.springframework.boot.test.autoconfigure.web.servlet.MockMvcPrintOnlyOnFailureTestExecutionListener, org.springframework.boot.test.autoconfigure.web.servlet.WebDriverTestExecutionListener, org.springframework.boot.test.mock.mockito.MockitoTestExecutionListener, org.springframework.boot.test.mock.mockito.ResetMocksTestExecutionListener, org.springframework.test.context.web.ServletTestExecutionListener, org.springframework.test.context.support.DirtiesContextBeforeModesTestExecutionListener, org.springframework.test.context.support.DependencyInjectionTestExecutionListener, org.springframework.test.context.support.DirtiesContextTestExecutionListener, org.springframework.test.context.transaction.TransactionalTestExecutionListener, org.springframework.test.context.jdbc.SqlScriptsTestExecutionListener]
2021-04-04 11:19:59.298  INFO 3004 --- [    Test worker] .b.t.c.SpringBootTestContextBootstrapper : Using TestExecutionListeners: [org.springframework.test.context.web.ServletTestExecutionListener@6640fee2, org.springframework.test.context.support.DirtiesContextBeforeModesTestExecutionListener@29496bc6, org.springframework.boot.test.mock.mockito.MockitoTestExecutionListener@3ee75f51, org.springframework.boot.test.autoconfigure.SpringBootDependencyInjectionTestExecutionListener@7a84332c, org.springframework.test.context.support.DirtiesContextTestExecutionListener@1b527570, org.springframework.test.context.transaction.TransactionalTestExecutionListener@79272a87, org.springframework.test.context.jdbc.SqlScriptsTestExecutionListener@7d3eff25, org.springframework.security.test.context.support.WithSecurityContextTestExecutionListener@26f8aefd, org.springframework.security.test.context.support.ReactorContextTestExecutionListener@2e09a6a7, org.springframework.boot.test.autoconfigure.restdocs.RestDocsTestExecutionListener@6ebac2f3, org.springframework.boot.test.autoconfigure.web.client.MockRestServiceServerResetTestExecutionListener@6477cfd6, org.springframework.boot.test.autoconfigure.web.servlet.MockMvcPrintOnlyOnFailureTestExecutionListener@71b1ae3, org.springframework.boot.test.autoconfigure.web.servlet.WebDriverTestExecutionListener@6444b839, org.springframework.boot.test.mock.mockito.ResetMocksTestExecutionListener@5cd14318]

  .   ____          _            __ _ _
 /\\ / ___'_ __ _ _(_)_ __  __ _ \ \ \ \
( ( )\___ | '_ | '_| | '_ \/ _` | \ \ \ \
 \\/  ___)| |_)| | | | | || (_| |  ) ) ) )
  '  |____| .__|_| |_|_| |_\__, | / / / /
 =========|_|==============|___/=/_/_/_/
 :: Spring Boot ::        (v2.1.7.RELEASE)

2021-04-04 11:19:59.316  INFO 3004 --- [    Test worker] study.domain.posts.PostsRepositoryTest   : Starting PostsRepositoryTest on yuhyeongmin-ui-MacBookPro-2.local with PID 3004 (started by yoohyungmin in /Users/yoohyungmin/Desktop/spring-boot-project)
2021-04-04 11:19:59.316  INFO 3004 --- [    Test worker] study.domain.posts.PostsRepositoryTest   : The following profiles are active: oauth
2021-04-04 11:19:59.445  INFO 3004 --- [    Test worker] .s.d.r.c.RepositoryConfigurationDelegate : Bootstrapping Spring Data repositories in DEFAULT mode.
2021-04-04 11:19:59.456  INFO 3004 --- [    Test worker] .s.d.r.c.RepositoryConfigurationDelegate : Finished Spring Data repository scanning in 11ms. Found 2 repository interfaces.
2021-04-04 11:19:59.528  INFO 3004 --- [    Test worker] trationDelegate$BeanPostProcessorChecker : Bean 'org.springframework.transaction.annotation.ProxyTransactionManagementConfiguration' of type [org.springframework.transaction.annotation.ProxyTransactionManagementConfiguration$$EnhancerBySpringCGLIB$$b6525658] is not eligible for getting processed by all BeanPostProcessors (for example: not eligible for auto-proxying)
2021-04-04 11:19:59.584  INFO 3004 --- [    Test worker] com.zaxxer.hikari.HikariDataSource       : sa - Starting...
2021-04-04 11:19:59.585  INFO 3004 --- [    Test worker] com.zaxxer.hikari.HikariDataSource       : sa - Start completed.
2021-04-04 11:19:59.600  INFO 3004 --- [    Test worker] o.hibernate.jpa.internal.util.LogHelper  : HHH000204: Processing PersistenceUnitInfo [
	name: default
	...]
2021-04-04 11:19:59.604  INFO 3004 --- [    Test worker] org.hibernate.dialect.Dialect            : HHH000400: Using dialect: org.hibernate.dialect.H2Dialect
Hibernate: drop table posts if exists
Hibernate: drop table users if exists
Hibernate: create table posts (id bigint generated by default as identity, create_date timestamp, modified_date timestamp, author varchar(255), content TEXT not null, title varchar(500) not null, primary key (id))
Hibernate: create table users (id bigint generated by default as identity, email varchar(255) not null, name varchar(255) not null, picture varchar(255), role varchar(255) not null, primary key (id))
2021-04-04 11:19:59.634  INFO 3004 --- [    Test worker] o.h.t.schema.internal.SchemaCreatorImpl  : HHH000476: Executing import script 'org.hibernate.tool.schema.internal.exec.ScriptSourceInputNonExistentImpl@33f952c7'
2021-04-04 11:19:59.634  INFO 3004 --- [    Test worker] j.LocalContainerEntityManagerFactoryBean : Initialized JPA EntityManagerFactory for persistence unit 'default'
2021-04-04 11:19:59.758  INFO 3004 --- [    Test worker] o.h.h.i.QueryTranslatorFactoryInitiator  : HHH000397: Using ASTQueryTranslatorFactory
2021-04-04 11:19:59.863  INFO 3004 --- [    Test worker] o.s.s.web.DefaultSecurityFilterChain     : Creating filter chain: any request, [org.springframework.security.web.context.request.async.WebAsyncManagerIntegrationFilter@2f50d57f, org.springframework.security.web.context.SecurityContextPersistenceFilter@6f1a94c2, org.springframework.security.web.header.HeaderWriterFilter@706e28e9, org.springframework.security.web.authentication.logout.LogoutFilter@30bd82e5, org.springframework.security.oauth2.client.web.OAuth2AuthorizationRequestRedirectFilter@ac874a3, org.springframework.security.oauth2.client.web.OAuth2LoginAuthenticationFilter@356c2107, org.springframework.security.web.authentication.ui.DefaultLoginPageGeneratingFilter@b3abbc4, org.springframework.security.web.authentication.ui.DefaultLogoutPageGeneratingFilter@347eb8db, org.springframework.security.web.savedrequest.RequestCacheAwareFilter@501f9d66, org.springframework.security.web.servletapi.SecurityContextHolderAwareRequestFilter@5137deec, org.springframework.security.web.authentication.AnonymousAuthenticationFilter@7d5abf9b, org.springframework.security.web.session.SessionManagementFilter@6e168836, org.springframework.security.web.access.ExceptionTranslationFilter@508de6e9, org.springframework.security.web.access.intercept.FilterSecurityInterceptor@751dc513]
2021-04-04 11:20:00.033  INFO 3004 --- [    Test worker] o.s.s.concurrent.ThreadPoolTaskExecutor  : Initializing ExecutorService 'applicationTaskExecutor'
2021-04-04 11:20:00.042  WARN 3004 --- [    Test worker] aWebConfiguration$JpaWebMvcConfiguration : spring.jpa.open-in-view is enabled by default. Therefore, database queries may be performed during view rendering. Explicitly configure spring.jpa.open-in-view to disable this warning
2021-04-04 11:20:00.062  INFO 3004 --- [    Test worker] o.s.b.a.w.s.WelcomePageHandlerMapping    : Adding welcome page template: index
2021-04-04 11:20:00.278  INFO 3004 --- [    Test worker] s.a.ScheduledAnnotationBeanPostProcessor : No TaskScheduler/ScheduledExecutorService bean found for scheduled processing
2021-04-04 11:20:00.279  INFO 3004 --- [    Test worker] study.domain.posts.PostsRepositoryTest   : Started PostsRepositoryTest in 0.98 seconds (JVM running for 7.364)
Hibernate: insert into posts (id, create_date, modified_date, author, content, title) values (null, ?, ?, ?, ?, ?)
Hibernate: select posts0_.id as id1_0_, posts0_.create_date as create_d2_0_, posts0_.modified_date as modified3_0_, posts0_.author as author4_0_, posts0_.content as content5_0_, posts0_.title as title6_0_ from posts posts0_
Hibernate: select posts0_.id as id1_0_, posts0_.create_date as create_d2_0_, posts0_.modified_date as modified3_0_, posts0_.author as author4_0_, posts0_.content as content5_0_, posts0_.title as title6_0_ from posts posts0_
Hibernate: delete from posts where id=?
Hibernate: insert into posts (id, create_date, modified_date, author, content, title) values (null, ?, ?, ?, ?, ?)
Hibernate: select posts0_.id as id1_0_, posts0_.create_date as create_d2_0_, posts0_.modified_date as modified3_0_, posts0_.author as author4_0_, posts0_.content as content5_0_, posts0_.title as title6_0_ from posts posts0_
>>>>>>>>> createDate=2021-04-04T11:20:00.298, modifiedDate=2021-04-04T11:20:00.298
Hibernate: select posts0_.id as id1_0_, posts0_.create_date as create_d2_0_, posts0_.modified_date as modified3_0_, posts0_.author as author4_0_, posts0_.content as content5_0_, posts0_.title as title6_0_ from posts posts0_
Hibernate: delete from posts where id=?
]]></system-out>
  <system-err><![CDATA[]]></system-err>
</testsuite>
