<?xml version="1.0" encoding="UTF-8"?>
<testsuite name="study.domain.posts.PostsRepositoryTest" tests="2" skipped="0" failures="0" errors="0" timestamp="2021-03-10T18:32:33" hostname="yuhyeongmin-ui-MacBookPro-2.local" time="0.021">
  <properties/>
  <testcase name="게시글저장_불러오기" classname="study.domain.posts.PostsRepositoryTest" time="0.014"/>
  <testcase name="BaseTimeEntity_등록" classname="study.domain.posts.PostsRepositoryTest" time="0.007"/>
  <system-out><![CDATA[2021-03-11 03:32:32.860  INFO 6706 --- [    Test worker] .b.t.c.SpringBootTestContextBootstrapper : Neither @ContextConfiguration nor @ContextHierarchy found for test class [study.domain.posts.PostsRepositoryTest], using SpringBootContextLoader
2021-03-11 03:32:32.860  INFO 6706 --- [    Test worker] o.s.t.c.support.AbstractContextLoader    : Could not detect default resource locations for test class [study.domain.posts.PostsRepositoryTest]: no resource found for suffixes {-context.xml, Context.groovy}.
2021-03-11 03:32:32.861  INFO 6706 --- [    Test worker] t.c.s.AnnotationConfigContextLoaderUtils : Could not detect default configuration classes for test class [study.domain.posts.PostsRepositoryTest]: PostsRepositoryTest does not declare any static, non-private, non-final, nested classes annotated with @Configuration.
2021-03-11 03:32:32.865  INFO 6706 --- [    Test worker] .b.t.c.SpringBootTestContextBootstrapper : Found @SpringBootConfiguration study.Application for test class study.domain.posts.PostsRepositoryTest
2021-03-11 03:32:32.867  INFO 6706 --- [    Test worker] .b.t.c.SpringBootTestContextBootstrapper : Loaded default TestExecutionListener class names from location [META-INF/spring.factories]: [org.springframework.security.test.context.support.WithSecurityContextTestExecutionListener, org.springframework.security.test.context.support.ReactorContextTestExecutionListener, org.springframework.boot.test.autoconfigure.restdocs.RestDocsTestExecutionListener, org.springframework.boot.test.autoconfigure.web.client.MockRestServiceServerResetTestExecutionListener, org.springframework.boot.test.autoconfigure.web.servlet.MockMvcPrintOnlyOnFailureTestExecutionListener, org.springframework.boot.test.autoconfigure.web.servlet.WebDriverTestExecutionListener, org.springframework.boot.test.mock.mockito.MockitoTestExecutionListener, org.springframework.boot.test.mock.mockito.ResetMocksTestExecutionListener, org.springframework.test.context.web.ServletTestExecutionListener, org.springframework.test.context.support.DirtiesContextBeforeModesTestExecutionListener, org.springframework.test.context.support.DependencyInjectionTestExecutionListener, org.springframework.test.context.support.DirtiesContextTestExecutionListener, org.springframework.test.context.transaction.TransactionalTestExecutionListener, org.springframework.test.context.jdbc.SqlScriptsTestExecutionListener]
2021-03-11 03:32:32.867  INFO 6706 --- [    Test worker] .b.t.c.SpringBootTestContextBootstrapper : Using TestExecutionListeners: [org.springframework.test.context.web.ServletTestExecutionListener@74d25755, org.springframework.test.context.support.DirtiesContextBeforeModesTestExecutionListener@7f3f8707, org.springframework.boot.test.mock.mockito.MockitoTestExecutionListener@68943bc0, org.springframework.boot.test.autoconfigure.SpringBootDependencyInjectionTestExecutionListener@4ad5003, org.springframework.test.context.support.DirtiesContextTestExecutionListener@62a3c73c, org.springframework.test.context.transaction.TransactionalTestExecutionListener@61a773d0, org.springframework.test.context.jdbc.SqlScriptsTestExecutionListener@28a40e1f, org.springframework.security.test.context.support.WithSecurityContextTestExecutionListener@46e76e40, org.springframework.security.test.context.support.ReactorContextTestExecutionListener@3a01db87, org.springframework.boot.test.autoconfigure.restdocs.RestDocsTestExecutionListener@606216e4, org.springframework.boot.test.autoconfigure.web.client.MockRestServiceServerResetTestExecutionListener@68be3801, org.springframework.boot.test.autoconfigure.web.servlet.MockMvcPrintOnlyOnFailureTestExecutionListener@1556ce38, org.springframework.boot.test.autoconfigure.web.servlet.WebDriverTestExecutionListener@21bff2f6, org.springframework.boot.test.mock.mockito.ResetMocksTestExecutionListener@511a1513]

  .   ____          _            __ _ _
 /\\ / ___'_ __ _ _(_)_ __  __ _ \ \ \ \
( ( )\___ | '_ | '_| | '_ \/ _` | \ \ \ \
 \\/  ___)| |_)| | | | | || (_| |  ) ) ) )
  '  |____| .__|_| |_|_| |_\__, | / / / /
 =========|_|==============|___/=/_/_/_/
 :: Spring Boot ::        (v2.1.7.RELEASE)

2021-03-11 03:32:32.884  INFO 6706 --- [    Test worker] study.domain.posts.PostsRepositoryTest   : Starting PostsRepositoryTest on yuhyeongmin-ui-MacBookPro-2.local with PID 6706 (started by yoohyungmin in /Users/yoohyungmin/Desktop/spring-boot-project)
2021-03-11 03:32:32.884  INFO 6706 --- [    Test worker] study.domain.posts.PostsRepositoryTest   : The following profiles are active: oauth
2021-03-11 03:32:33.023  INFO 6706 --- [    Test worker] .s.d.r.c.RepositoryConfigurationDelegate : Bootstrapping Spring Data repositories in DEFAULT mode.
2021-03-11 03:32:33.036  INFO 6706 --- [    Test worker] .s.d.r.c.RepositoryConfigurationDelegate : Finished Spring Data repository scanning in 12ms. Found 2 repository interfaces.
2021-03-11 03:32:33.099  INFO 6706 --- [    Test worker] trationDelegate$BeanPostProcessorChecker : Bean 'org.springframework.transaction.annotation.ProxyTransactionManagementConfiguration' of type [org.springframework.transaction.annotation.ProxyTransactionManagementConfiguration$$EnhancerBySpringCGLIB$$26f49fe9] is not eligible for getting processed by all BeanPostProcessors (for example: not eligible for auto-proxying)
2021-03-11 03:32:33.165  INFO 6706 --- [    Test worker] com.zaxxer.hikari.HikariDataSource       : sa - Starting...
2021-03-11 03:32:33.166  INFO 6706 --- [    Test worker] com.zaxxer.hikari.HikariDataSource       : sa - Start completed.
2021-03-11 03:32:33.180  INFO 6706 --- [    Test worker] o.hibernate.jpa.internal.util.LogHelper  : HHH000204: Processing PersistenceUnitInfo [
	name: default
	...]
2021-03-11 03:32:33.185  INFO 6706 --- [    Test worker] org.hibernate.dialect.Dialect            : HHH000400: Using dialect: org.hibernate.dialect.H2Dialect
Hibernate: drop table posts if exists
Hibernate: drop table user if exists
Hibernate: create table posts (id bigint generated by default as identity, create_date timestamp, modified_date timestamp, author varchar(255), content TEXT not null, title varchar(500) not null, primary key (id))
Hibernate: create table user (id bigint generated by default as identity, email varchar(255) not null, name varchar(255) not null, picture varchar(255), role varchar(255) not null, primary key (id))
2021-03-11 03:32:33.215  INFO 6706 --- [    Test worker] o.h.t.schema.internal.SchemaCreatorImpl  : HHH000476: Executing import script 'org.hibernate.tool.schema.internal.exec.ScriptSourceInputNonExistentImpl@7bf2d3ce'
2021-03-11 03:32:33.216  INFO 6706 --- [    Test worker] j.LocalContainerEntityManagerFactoryBean : Initialized JPA EntityManagerFactory for persistence unit 'default'
2021-03-11 03:32:33.345  INFO 6706 --- [    Test worker] o.h.h.i.QueryTranslatorFactoryInitiator  : HHH000397: Using ASTQueryTranslatorFactory
2021-03-11 03:32:33.453  INFO 6706 --- [    Test worker] o.s.s.web.DefaultSecurityFilterChain     : Creating filter chain: any request, [org.springframework.security.web.context.request.async.WebAsyncManagerIntegrationFilter@fede943, org.springframework.security.web.context.SecurityContextPersistenceFilter@6c4031c4, org.springframework.security.web.header.HeaderWriterFilter@31831891, org.springframework.security.web.authentication.logout.LogoutFilter@7cb688c0, org.springframework.security.oauth2.client.web.OAuth2AuthorizationRequestRedirectFilter@6c76319e, org.springframework.security.oauth2.client.web.OAuth2LoginAuthenticationFilter@3cf66dc6, org.springframework.security.web.authentication.ui.DefaultLoginPageGeneratingFilter@11155537, org.springframework.security.web.authentication.ui.DefaultLogoutPageGeneratingFilter@6b61584a, org.springframework.security.web.savedrequest.RequestCacheAwareFilter@6c46342f, org.springframework.security.web.servletapi.SecurityContextHolderAwareRequestFilter@45a8fea6, org.springframework.security.web.authentication.AnonymousAuthenticationFilter@36467e79, org.springframework.security.web.session.SessionManagementFilter@53a3a6e, org.springframework.security.web.access.ExceptionTranslationFilter@fb1e6ed, org.springframework.security.web.access.intercept.FilterSecurityInterceptor@29a9b82c]
2021-03-11 03:32:33.644  INFO 6706 --- [    Test worker] o.s.s.concurrent.ThreadPoolTaskExecutor  : Initializing ExecutorService 'applicationTaskExecutor'
2021-03-11 03:32:33.657  WARN 6706 --- [    Test worker] aWebConfiguration$JpaWebMvcConfiguration : spring.jpa.open-in-view is enabled by default. Therefore, database queries may be performed during view rendering. Explicitly configure spring.jpa.open-in-view to disable this warning
2021-03-11 03:32:33.680  INFO 6706 --- [    Test worker] o.s.b.a.w.s.WelcomePageHandlerMapping    : Adding welcome page template: index
2021-03-11 03:32:33.908  INFO 6706 --- [    Test worker] s.a.ScheduledAnnotationBeanPostProcessor : No TaskScheduler/ScheduledExecutorService bean found for scheduled processing
2021-03-11 03:32:33.910  INFO 6706 --- [    Test worker] study.domain.posts.PostsRepositoryTest   : Started PostsRepositoryTest in 1.041 seconds (JVM running for 7.763)
Hibernate: insert into posts (id, create_date, modified_date, author, content, title) values (null, ?, ?, ?, ?, ?)
Hibernate: select posts0_.id as id1_0_, posts0_.create_date as create_d2_0_, posts0_.modified_date as modified3_0_, posts0_.author as author4_0_, posts0_.content as content5_0_, posts0_.title as title6_0_ from posts posts0_
Hibernate: select posts0_.id as id1_0_, posts0_.create_date as create_d2_0_, posts0_.modified_date as modified3_0_, posts0_.author as author4_0_, posts0_.content as content5_0_, posts0_.title as title6_0_ from posts posts0_
Hibernate: delete from posts where id=?
Hibernate: insert into posts (id, create_date, modified_date, author, content, title) values (null, ?, ?, ?, ?, ?)
Hibernate: select posts0_.id as id1_0_, posts0_.create_date as create_d2_0_, posts0_.modified_date as modified3_0_, posts0_.author as author4_0_, posts0_.content as content5_0_, posts0_.title as title6_0_ from posts posts0_
>>>>>>>>> createDate=2021-03-11T03:32:33.929, modifiedDate=2021-03-11T03:32:33.929
Hibernate: select posts0_.id as id1_0_, posts0_.create_date as create_d2_0_, posts0_.modified_date as modified3_0_, posts0_.author as author4_0_, posts0_.content as content5_0_, posts0_.title as title6_0_ from posts posts0_
Hibernate: delete from posts where id=?
]]></system-out>
  <system-err><![CDATA[]]></system-err>
</testsuite>
