<?xml version="1.0" encoding="UTF-8"?>
<testsuite name="study.web.IndexControllerTest" tests="1" skipped="0" failures="0" errors="0" timestamp="2021-04-04T02:19:58" hostname="yuhyeongmin-ui-MacBookPro-2.local" time="0.11">
  <properties/>
  <testcase name="메인페이지_로딩" classname="study.web.IndexControllerTest" time="0.11"/>
  <system-out><![CDATA[11:19:53.431 [Test worker] DEBUG org.springframework.test.context.junit4.SpringJUnit4ClassRunner - SpringJUnit4ClassRunner constructor called with [class study.web.IndexControllerTest]
11:19:53.438 [Test worker] DEBUG org.springframework.test.context.BootstrapUtils - Instantiating CacheAwareContextLoaderDelegate from class [org.springframework.test.context.cache.DefaultCacheAwareContextLoaderDelegate]
11:19:53.445 [Test worker] DEBUG org.springframework.test.context.BootstrapUtils - Instantiating BootstrapContext using constructor [public org.springframework.test.context.support.DefaultBootstrapContext(java.lang.Class,org.springframework.test.context.CacheAwareContextLoaderDelegate)]
11:19:53.461 [Test worker] DEBUG org.springframework.test.context.BootstrapUtils - Instantiating TestContextBootstrapper for test class [study.web.IndexControllerTest] from class [org.springframework.boot.test.context.SpringBootTestContextBootstrapper]
11:19:53.470 [Test worker] INFO org.springframework.boot.test.context.SpringBootTestContextBootstrapper - Neither @ContextConfiguration nor @ContextHierarchy found for test class [study.web.IndexControllerTest], using SpringBootContextLoader
11:19:53.473 [Test worker] DEBUG org.springframework.test.context.support.AbstractContextLoader - Did not detect default resource location for test class [study.web.IndexControllerTest]: class path resource [study/web/IndexControllerTest-context.xml] does not exist
11:19:53.473 [Test worker] DEBUG org.springframework.test.context.support.AbstractContextLoader - Did not detect default resource location for test class [study.web.IndexControllerTest]: class path resource [study/web/IndexControllerTestContext.groovy] does not exist
11:19:53.473 [Test worker] INFO org.springframework.test.context.support.AbstractContextLoader - Could not detect default resource locations for test class [study.web.IndexControllerTest]: no resource found for suffixes {-context.xml, Context.groovy}.
11:19:53.474 [Test worker] INFO org.springframework.test.context.support.AnnotationConfigContextLoaderUtils - Could not detect default configuration classes for test class [study.web.IndexControllerTest]: IndexControllerTest does not declare any static, non-private, non-final, nested classes annotated with @Configuration.
11:19:53.510 [Test worker] DEBUG org.springframework.test.context.support.ActiveProfilesUtils - Could not find an 'annotation declaring class' for annotation type [org.springframework.test.context.ActiveProfiles] and class [study.web.IndexControllerTest]
11:19:53.592 [Test worker] DEBUG org.springframework.context.annotation.ClassPathScanningCandidateComponentProvider - Identified candidate component class: file [/Users/yoohyungmin/Desktop/spring-boot-project/build/classes/java/main/study/Application.class]
11:19:53.593 [Test worker] INFO org.springframework.boot.test.context.SpringBootTestContextBootstrapper - Found @SpringBootConfiguration study.Application for test class study.web.IndexControllerTest
11:19:53.665 [Test worker] DEBUG org.springframework.boot.test.context.SpringBootTestContextBootstrapper - @TestExecutionListeners is not present for class [study.web.IndexControllerTest]: using defaults.
11:19:53.665 [Test worker] INFO org.springframework.boot.test.context.SpringBootTestContextBootstrapper - Loaded default TestExecutionListener class names from location [META-INF/spring.factories]: [org.springframework.security.test.context.support.WithSecurityContextTestExecutionListener, org.springframework.security.test.context.support.ReactorContextTestExecutionListener, org.springframework.boot.test.autoconfigure.restdocs.RestDocsTestExecutionListener, org.springframework.boot.test.autoconfigure.web.client.MockRestServiceServerResetTestExecutionListener, org.springframework.boot.test.autoconfigure.web.servlet.MockMvcPrintOnlyOnFailureTestExecutionListener, org.springframework.boot.test.autoconfigure.web.servlet.WebDriverTestExecutionListener, org.springframework.boot.test.mock.mockito.MockitoTestExecutionListener, org.springframework.boot.test.mock.mockito.ResetMocksTestExecutionListener, org.springframework.test.context.web.ServletTestExecutionListener, org.springframework.test.context.support.DirtiesContextBeforeModesTestExecutionListener, org.springframework.test.context.support.DependencyInjectionTestExecutionListener, org.springframework.test.context.support.DirtiesContextTestExecutionListener, org.springframework.test.context.transaction.TransactionalTestExecutionListener, org.springframework.test.context.jdbc.SqlScriptsTestExecutionListener]
11:19:53.687 [Test worker] INFO org.springframework.boot.test.context.SpringBootTestContextBootstrapper - Using TestExecutionListeners: [org.springframework.test.context.web.ServletTestExecutionListener@67277b4e, org.springframework.test.context.support.DirtiesContextBeforeModesTestExecutionListener@5482cfd, org.springframework.boot.test.mock.mockito.MockitoTestExecutionListener@5530544f, org.springframework.boot.test.autoconfigure.SpringBootDependencyInjectionTestExecutionListener@791b8860, org.springframework.test.context.support.DirtiesContextTestExecutionListener@25ba7106, org.springframework.test.context.transaction.TransactionalTestExecutionListener@61d19e88, org.springframework.test.context.jdbc.SqlScriptsTestExecutionListener@36942cd1, org.springframework.security.test.context.support.WithSecurityContextTestExecutionListener@1369eaeb, org.springframework.security.test.context.support.ReactorContextTestExecutionListener@65ad9bc1, org.springframework.boot.test.autoconfigure.restdocs.RestDocsTestExecutionListener@8657c22, org.springframework.boot.test.autoconfigure.web.client.MockRestServiceServerResetTestExecutionListener@1f802b5b, org.springframework.boot.test.autoconfigure.web.servlet.MockMvcPrintOnlyOnFailureTestExecutionListener@43e2a4f2, org.springframework.boot.test.autoconfigure.web.servlet.WebDriverTestExecutionListener@4a184cdc, org.springframework.boot.test.mock.mockito.ResetMocksTestExecutionListener@69bfbdd1]
11:19:53.690 [Test worker] DEBUG org.springframework.test.annotation.ProfileValueUtils - Retrieved @ProfileValueSourceConfiguration [null] for test class [study.web.IndexControllerTest]
11:19:53.690 [Test worker] DEBUG org.springframework.test.annotation.ProfileValueUtils - Retrieved ProfileValueSource type [class org.springframework.test.annotation.SystemProfileValueSource] for class [study.web.IndexControllerTest]
11:19:53.691 [Test worker] DEBUG org.springframework.test.annotation.ProfileValueUtils - Retrieved @ProfileValueSourceConfiguration [null] for test class [study.web.IndexControllerTest]
11:19:53.691 [Test worker] DEBUG org.springframework.test.annotation.ProfileValueUtils - Retrieved ProfileValueSource type [class org.springframework.test.annotation.SystemProfileValueSource] for class [study.web.IndexControllerTest]
11:19:53.695 [Test worker] DEBUG org.springframework.test.context.support.AbstractDirtiesContextTestExecutionListener - Before test class: context [DefaultTestContext@2559765a testClass = IndexControllerTest, testInstance = [null], testMethod = [null], testException = [null], mergedContextConfiguration = [WebMergedContextConfiguration@7fd35d77 testClass = IndexControllerTest, locations = '{}', classes = '{class study.Application}', contextInitializerClasses = '[]', activeProfiles = '{}', propertySourceLocations = '{}', propertySourceProperties = '{org.springframework.boot.test.context.SpringBootTestContextBootstrapper=true, server.port=0}', contextCustomizers = set[org.springframework.boot.test.autoconfigure.properties.PropertyMappingContextCustomizer@0, org.springframework.boot.test.autoconfigure.web.servlet.WebDriverContextCustomizerFactory$Customizer@6d76cec6, org.springframework.boot.test.context.filter.ExcludeFilterContextCustomizer@5bd77969, org.springframework.boot.test.json.DuplicateJsonObjectContextCustomizerFactory$DuplicateJsonObjectContextCustomizer@45559c52, org.springframework.boot.test.mock.mockito.MockitoContextCustomizer@0, org.springframework.boot.test.web.client.TestRestTemplateContextCustomizer@6eab5569], resourceBasePath = 'src/main/webapp', contextLoader = 'org.springframework.boot.test.context.SpringBootContextLoader', parent = [null]], attributes = map['org.springframework.test.context.web.ServletTestExecutionListener.activateListener' -> false]], class annotated with @DirtiesContext [false] with mode [null].
11:19:53.695 [Test worker] DEBUG org.springframework.test.annotation.ProfileValueUtils - Retrieved @ProfileValueSourceConfiguration [null] for test class [study.web.IndexControllerTest]
11:19:53.695 [Test worker] DEBUG org.springframework.test.annotation.ProfileValueUtils - Retrieved ProfileValueSource type [class org.springframework.test.annotation.SystemProfileValueSource] for class [study.web.IndexControllerTest]
11:19:53.699 [Test worker] DEBUG org.springframework.test.context.support.DependencyInjectionTestExecutionListener - Performing dependency injection for test context [[DefaultTestContext@2559765a testClass = IndexControllerTest, testInstance = study.web.IndexControllerTest@34b6d80c, testMethod = [null], testException = [null], mergedContextConfiguration = [WebMergedContextConfiguration@7fd35d77 testClass = IndexControllerTest, locations = '{}', classes = '{class study.Application}', contextInitializerClasses = '[]', activeProfiles = '{}', propertySourceLocations = '{}', propertySourceProperties = '{org.springframework.boot.test.context.SpringBootTestContextBootstrapper=true, server.port=0}', contextCustomizers = set[org.springframework.boot.test.autoconfigure.properties.PropertyMappingContextCustomizer@0, org.springframework.boot.test.autoconfigure.web.servlet.WebDriverContextCustomizerFactory$Customizer@6d76cec6, org.springframework.boot.test.context.filter.ExcludeFilterContextCustomizer@5bd77969, org.springframework.boot.test.json.DuplicateJsonObjectContextCustomizerFactory$DuplicateJsonObjectContextCustomizer@45559c52, org.springframework.boot.test.mock.mockito.MockitoContextCustomizer@0, org.springframework.boot.test.web.client.TestRestTemplateContextCustomizer@6eab5569], resourceBasePath = 'src/main/webapp', contextLoader = 'org.springframework.boot.test.context.SpringBootContextLoader', parent = [null]], attributes = map['org.springframework.test.context.web.ServletTestExecutionListener.activateListener' -> false]]].
11:19:53.713 [Test worker] DEBUG org.springframework.test.context.support.TestPropertySourceUtils - Adding inlined properties to environment: {spring.jmx.enabled=false, org.springframework.boot.test.context.SpringBootTestContextBootstrapper=true, server.port=0}

  .   ____          _            __ _ _
 /\\ / ___'_ __ _ _(_)_ __  __ _ \ \ \ \
( ( )\___ | '_ | '_| | '_ \/ _` | \ \ \ \
 \\/  ___)| |_)| | | | | || (_| |  ) ) ) )
  '  |____| .__|_| |_|_| |_\__, | / / / /
 =========|_|==============|___/=/_/_/_/
 :: Spring Boot ::        (v2.1.7.RELEASE)

2021-04-04 11:19:53.913  INFO 3004 --- [    Test worker] study.web.IndexControllerTest            : Starting IndexControllerTest on yuhyeongmin-ui-MacBookPro-2.local with PID 3004 (started by yoohyungmin in /Users/yoohyungmin/Desktop/spring-boot-project)
2021-04-04 11:19:53.913  INFO 3004 --- [    Test worker] study.web.IndexControllerTest            : The following profiles are active: oauth
2021-04-04 11:19:54.525  INFO 3004 --- [    Test worker] .s.d.r.c.RepositoryConfigurationDelegate : Bootstrapping Spring Data repositories in DEFAULT mode.
2021-04-04 11:19:54.589  INFO 3004 --- [    Test worker] .s.d.r.c.RepositoryConfigurationDelegate : Finished Spring Data repository scanning in 57ms. Found 2 repository interfaces.
2021-04-04 11:19:54.983  INFO 3004 --- [    Test worker] trationDelegate$BeanPostProcessorChecker : Bean 'org.springframework.transaction.annotation.ProxyTransactionManagementConfiguration' of type [org.springframework.transaction.annotation.ProxyTransactionManagementConfiguration$$EnhancerBySpringCGLIB$$b6525658] is not eligible for getting processed by all BeanPostProcessors (for example: not eligible for auto-proxying)
2021-04-04 11:19:55.343  INFO 3004 --- [    Test worker] o.s.b.w.embedded.tomcat.TomcatWebServer  : Tomcat initialized with port(s): 0 (http)
2021-04-04 11:19:55.368  INFO 3004 --- [    Test worker] o.apache.catalina.core.StandardService   : Starting service [Tomcat]
2021-04-04 11:19:55.369  INFO 3004 --- [    Test worker] org.apache.catalina.core.StandardEngine  : Starting Servlet engine: [Apache Tomcat/9.0.22]
2021-04-04 11:19:55.455  INFO 3004 --- [    Test worker] o.a.c.c.C.[Tomcat].[localhost].[/]       : Initializing Spring embedded WebApplicationContext
2021-04-04 11:19:55.455  INFO 3004 --- [    Test worker] o.s.web.context.ContextLoader            : Root WebApplicationContext: initialization completed in 1528 ms
2021-04-04 11:19:55.694  INFO 3004 --- [    Test worker] com.zaxxer.hikari.HikariDataSource       : sa - Starting...
2021-04-04 11:19:55.831  INFO 3004 --- [    Test worker] com.zaxxer.hikari.HikariDataSource       : sa - Start completed.
2021-04-04 11:19:55.917  INFO 3004 --- [    Test worker] o.hibernate.jpa.internal.util.LogHelper  : HHH000204: Processing PersistenceUnitInfo [
	name: default
	...]
2021-04-04 11:19:55.970  INFO 3004 --- [    Test worker] org.hibernate.Version                    : HHH000412: Hibernate Core {5.3.10.Final}
2021-04-04 11:19:55.971  INFO 3004 --- [    Test worker] org.hibernate.cfg.Environment            : HHH000206: hibernate.properties not found
2021-04-04 11:19:56.088  INFO 3004 --- [    Test worker] o.hibernate.annotations.common.Version   : HCANN000001: Hibernate Commons Annotations {5.0.4.Final}
2021-04-04 11:19:56.205  INFO 3004 --- [    Test worker] org.hibernate.dialect.Dialect            : HHH000400: Using dialect: org.hibernate.dialect.H2Dialect
Hibernate: drop table posts if exists
Hibernate: drop table users if exists
Hibernate: create table posts (id bigint generated by default as identity, create_date timestamp, modified_date timestamp, author varchar(255), content TEXT not null, title varchar(500) not null, primary key (id))
Hibernate: create table users (id bigint generated by default as identity, email varchar(255) not null, name varchar(255) not null, picture varchar(255), role varchar(255) not null, primary key (id))
2021-04-04 11:19:56.721  INFO 3004 --- [    Test worker] o.h.t.schema.internal.SchemaCreatorImpl  : HHH000476: Executing import script 'org.hibernate.tool.schema.internal.exec.ScriptSourceInputNonExistentImpl@33f952c7'
2021-04-04 11:19:56.723  INFO 3004 --- [    Test worker] j.LocalContainerEntityManagerFactoryBean : Initialized JPA EntityManagerFactory for persistence unit 'default'
2021-04-04 11:19:57.343  INFO 3004 --- [    Test worker] o.h.h.i.QueryTranslatorFactoryInitiator  : HHH000397: Using ASTQueryTranslatorFactory
2021-04-04 11:19:57.650  INFO 3004 --- [    Test worker] o.s.s.web.DefaultSecurityFilterChain     : Creating filter chain: any request, [org.springframework.security.web.context.request.async.WebAsyncManagerIntegrationFilter@11dd631e, org.springframework.security.web.context.SecurityContextPersistenceFilter@56b22130, org.springframework.security.web.header.HeaderWriterFilter@509d19b4, org.springframework.security.web.authentication.logout.LogoutFilter@366eb2f6, org.springframework.security.oauth2.client.web.OAuth2AuthorizationRequestRedirectFilter@2ec23070, org.springframework.security.oauth2.client.web.OAuth2LoginAuthenticationFilter@3a92ff46, org.springframework.security.web.authentication.ui.DefaultLoginPageGeneratingFilter@4bbc2805, org.springframework.security.web.authentication.ui.DefaultLogoutPageGeneratingFilter@5daa48e3, org.springframework.security.web.savedrequest.RequestCacheAwareFilter@60cd161b, org.springframework.security.web.servletapi.SecurityContextHolderAwareRequestFilter@a80608d, org.springframework.security.web.authentication.AnonymousAuthenticationFilter@793864e2, org.springframework.security.web.session.SessionManagementFilter@4ab193e7, org.springframework.security.web.access.ExceptionTranslationFilter@1a6f7143, org.springframework.security.web.access.intercept.FilterSecurityInterceptor@1896366c]
2021-04-04 11:19:57.891  INFO 3004 --- [    Test worker] o.s.s.concurrent.ThreadPoolTaskExecutor  : Initializing ExecutorService 'applicationTaskExecutor'
2021-04-04 11:19:57.938  WARN 3004 --- [    Test worker] aWebConfiguration$JpaWebMvcConfiguration : spring.jpa.open-in-view is enabled by default. Therefore, database queries may be performed during view rendering. Explicitly configure spring.jpa.open-in-view to disable this warning
2021-04-04 11:19:57.975  INFO 3004 --- [    Test worker] o.s.b.a.w.s.WelcomePageHandlerMapping    : Adding welcome page template: index
2021-04-04 11:19:58.211  INFO 3004 --- [    Test worker] s.a.ScheduledAnnotationBeanPostProcessor : No TaskScheduler/ScheduledExecutorService bean found for scheduled processing
2021-04-04 11:19:58.229  INFO 3004 --- [    Test worker] o.s.b.w.embedded.tomcat.TomcatWebServer  : Tomcat started on port(s): 49985 (http) with context path ''
2021-04-04 11:19:58.231  INFO 3004 --- [    Test worker] study.web.IndexControllerTest            : Started IndexControllerTest in 4.517 seconds (JVM running for 5.317)
2021-04-04 11:19:58.285  INFO 3004 --- [    Test worker] o.a.c.c.C.[Tomcat].[localhost].[/]       : Initializing Spring TestDispatcherServlet ''
2021-04-04 11:19:58.285  INFO 3004 --- [    Test worker] o.s.t.web.servlet.TestDispatcherServlet  : Initializing Servlet ''
2021-04-04 11:19:58.294  INFO 3004 --- [    Test worker] o.s.t.web.servlet.TestDispatcherServlet  : Completed initialization in 9 ms
]]></system-out>
  <system-err><![CDATA[]]></system-err>
</testsuite>
