<?xml version="1.0" encoding="UTF-8"?>
<testsuite name="study.HelloTest" tests="2" skipped="0" failures="0" errors="0" timestamp="2021-03-10T18:32:32" hostname="yuhyeongmin-ui-MacBookPro-2.local" time="0.016">
  <properties/>
  <testcase name="hello_반환" classname="study.HelloTest" time="0.013"/>
  <testcase name="이름_나이_입력" classname="study.HelloTest" time="0.002"/>
  <system-out><![CDATA[2021-03-11 03:32:32.135  INFO 6706 --- [    Test worker] .b.t.a.w.s.WebMvcTestContextBootstrapper : Neither @ContextConfiguration nor @ContextHierarchy found for test class [study.HelloTest], using SpringBootContextLoader
2021-03-11 03:32:32.136  INFO 6706 --- [    Test worker] o.s.t.c.support.AbstractContextLoader    : Could not detect default resource locations for test class [study.HelloTest]: no resource found for suffixes {-context.xml, Context.groovy}.
2021-03-11 03:32:32.136  INFO 6706 --- [    Test worker] t.c.s.AnnotationConfigContextLoaderUtils : Could not detect default configuration classes for test class [study.HelloTest]: HelloTest does not declare any static, non-private, non-final, nested classes annotated with @Configuration.
2021-03-11 03:32:32.156  INFO 6706 --- [    Test worker] .b.t.c.SpringBootTestContextBootstrapper : Found @SpringBootConfiguration study.Application for test class study.HelloTest
2021-03-11 03:32:32.156  INFO 6706 --- [    Test worker] .b.t.a.w.s.WebMvcTestContextBootstrapper : Loaded default TestExecutionListener class names from location [META-INF/spring.factories]: [org.springframework.security.test.context.support.WithSecurityContextTestExecutionListener, org.springframework.security.test.context.support.ReactorContextTestExecutionListener, org.springframework.boot.test.autoconfigure.restdocs.RestDocsTestExecutionListener, org.springframework.boot.test.autoconfigure.web.client.MockRestServiceServerResetTestExecutionListener, org.springframework.boot.test.autoconfigure.web.servlet.MockMvcPrintOnlyOnFailureTestExecutionListener, org.springframework.boot.test.autoconfigure.web.servlet.WebDriverTestExecutionListener, org.springframework.boot.test.mock.mockito.MockitoTestExecutionListener, org.springframework.boot.test.mock.mockito.ResetMocksTestExecutionListener, org.springframework.test.context.web.ServletTestExecutionListener, org.springframework.test.context.support.DirtiesContextBeforeModesTestExecutionListener, org.springframework.test.context.support.DependencyInjectionTestExecutionListener, org.springframework.test.context.support.DirtiesContextTestExecutionListener, org.springframework.test.context.transaction.TransactionalTestExecutionListener, org.springframework.test.context.jdbc.SqlScriptsTestExecutionListener]
2021-03-11 03:32:32.157  INFO 6706 --- [    Test worker] .b.t.a.w.s.WebMvcTestContextBootstrapper : Using TestExecutionListeners: [org.springframework.test.context.web.ServletTestExecutionListener@6fb43bf2, org.springframework.test.context.support.DirtiesContextBeforeModesTestExecutionListener@5aa6e8da, org.springframework.boot.test.mock.mockito.MockitoTestExecutionListener@262f8b8a, org.springframework.boot.test.autoconfigure.SpringBootDependencyInjectionTestExecutionListener@435cdde5, org.springframework.test.context.support.DirtiesContextTestExecutionListener@df915d7, org.springframework.test.context.transaction.TransactionalTestExecutionListener@60f4dc8a, org.springframework.test.context.jdbc.SqlScriptsTestExecutionListener@3a5d78c5, org.springframework.security.test.context.support.WithSecurityContextTestExecutionListener@1f4b299e, org.springframework.security.test.context.support.ReactorContextTestExecutionListener@5a59d00d, org.springframework.boot.test.autoconfigure.restdocs.RestDocsTestExecutionListener@1c8f4740, org.springframework.boot.test.autoconfigure.web.client.MockRestServiceServerResetTestExecutionListener@4d459f44, org.springframework.boot.test.autoconfigure.web.servlet.MockMvcPrintOnlyOnFailureTestExecutionListener@b0458ab, org.springframework.boot.test.autoconfigure.web.servlet.WebDriverTestExecutionListener@1f49287e, org.springframework.boot.test.mock.mockito.ResetMocksTestExecutionListener@791ad990]

  .   ____          _            __ _ _
 /\\ / ___'_ __ _ _(_)_ __  __ _ \ \ \ \
( ( )\___ | '_ | '_| | '_ \/ _` | \ \ \ \
 \\/  ___)| |_)| | | | | || (_| |  ) ) ) )
  '  |____| .__|_| |_|_| |_\__, | / / / /
 =========|_|==============|___/=/_/_/_/
 :: Spring Boot ::        (v2.1.7.RELEASE)

2021-03-11 03:32:32.189  INFO 6706 --- [    Test worker] study.HelloTest                          : Starting HelloTest on yuhyeongmin-ui-MacBookPro-2.local with PID 6706 (started by yoohyungmin in /Users/yoohyungmin/Desktop/spring-boot-project)
2021-03-11 03:32:32.189  INFO 6706 --- [    Test worker] study.HelloTest                          : The following profiles are active: oauth
2021-03-11 03:32:32.593  INFO 6706 --- [    Test worker] o.s.s.concurrent.ThreadPoolTaskExecutor  : Initializing ExecutorService 'applicationTaskExecutor'
2021-03-11 03:32:32.614  INFO 6706 --- [    Test worker] o.s.b.a.w.s.WelcomePageHandlerMapping    : Adding welcome page template: index
2021-03-11 03:32:32.732  INFO 6706 --- [    Test worker] .s.s.UserDetailsServiceAutoConfiguration : 

Using generated security password: e8aa8db6-d56a-4989-aab5-4b917a7f848f

2021-03-11 03:32:32.814  INFO 6706 --- [    Test worker] o.s.s.web.DefaultSecurityFilterChain     : Creating filter chain: any request, [org.springframework.security.web.context.request.async.WebAsyncManagerIntegrationFilter@2fb96331, org.springframework.security.web.context.SecurityContextPersistenceFilter@55d1b8cf, org.springframework.security.web.header.HeaderWriterFilter@781e9d88, org.springframework.security.web.csrf.CsrfFilter@4b4a66d1, org.springframework.security.web.authentication.logout.LogoutFilter@708758f5, org.springframework.security.web.authentication.UsernamePasswordAuthenticationFilter@33ef5d8c, org.springframework.security.web.authentication.ui.DefaultLoginPageGeneratingFilter@55588e0d, org.springframework.security.web.authentication.ui.DefaultLogoutPageGeneratingFilter@356a470, org.springframework.security.web.authentication.www.BasicAuthenticationFilter@668aab2a, org.springframework.security.web.savedrequest.RequestCacheAwareFilter@69e96fc3, org.springframework.security.web.servletapi.SecurityContextHolderAwareRequestFilter@65974dab, org.springframework.security.web.authentication.AnonymousAuthenticationFilter@30b68ccb, org.springframework.security.web.session.SessionManagementFilter@607a00b4, org.springframework.security.web.access.ExceptionTranslationFilter@410fa16f, org.springframework.security.web.access.intercept.FilterSecurityInterceptor@2604dfba]
2021-03-11 03:32:32.823  INFO 6706 --- [    Test worker] o.s.b.t.m.w.SpringBootMockServletContext : Initializing Spring TestDispatcherServlet ''
2021-03-11 03:32:32.823  INFO 6706 --- [    Test worker] o.s.t.web.servlet.TestDispatcherServlet  : Initializing Servlet ''
2021-03-11 03:32:32.824  INFO 6706 --- [    Test worker] o.s.t.web.servlet.TestDispatcherServlet  : Completed initialization in 1 ms
2021-03-11 03:32:32.842  INFO 6706 --- [    Test worker] study.HelloTest                          : Started HelloTest in 0.679 seconds (JVM running for 6.695)
]]></system-out>
  <system-err><![CDATA[]]></system-err>
</testsuite>
