<?xml version="1.0" encoding="UTF-8"?>
<testsuite name="study.web.IndexControllerTest" tests="1" skipped="0" failures="0" errors="0" timestamp="2021-03-10T17:28:59" hostname="yuhyeongmin-ui-MacBookPro-2.local" time="0.178">
  <properties/>
  <testcase name="메인페이지_로딩" classname="study.web.IndexControllerTest" time="0.178"/>
  <system-out><![CDATA[2021-03-11 02:28:55.313  INFO 19163 --- [    Test worker] .b.t.c.SpringBootTestContextBootstrapper : Neither @ContextConfiguration nor @ContextHierarchy found for test class [study.web.IndexControllerTest], using SpringBootContextLoader
2021-03-11 02:28:55.314  INFO 19163 --- [    Test worker] o.s.t.c.support.AbstractContextLoader    : Could not detect default resource locations for test class [study.web.IndexControllerTest]: no resource found for suffixes {-context.xml, Context.groovy}.
2021-03-11 02:28:55.314  INFO 19163 --- [    Test worker] t.c.s.AnnotationConfigContextLoaderUtils : Could not detect default configuration classes for test class [study.web.IndexControllerTest]: IndexControllerTest does not declare any static, non-private, non-final, nested classes annotated with @Configuration.
2021-03-11 02:28:55.321  INFO 19163 --- [    Test worker] .b.t.c.SpringBootTestContextBootstrapper : Found @SpringBootConfiguration study.Application for test class study.web.IndexControllerTest
2021-03-11 02:28:55.323  INFO 19163 --- [    Test worker] .b.t.c.SpringBootTestContextBootstrapper : Loaded default TestExecutionListener class names from location [META-INF/spring.factories]: [org.springframework.security.test.context.support.WithSecurityContextTestExecutionListener, org.springframework.security.test.context.support.ReactorContextTestExecutionListener, org.springframework.boot.test.autoconfigure.restdocs.RestDocsTestExecutionListener, org.springframework.boot.test.autoconfigure.web.client.MockRestServiceServerResetTestExecutionListener, org.springframework.boot.test.autoconfigure.web.servlet.MockMvcPrintOnlyOnFailureTestExecutionListener, org.springframework.boot.test.autoconfigure.web.servlet.WebDriverTestExecutionListener, org.springframework.boot.test.mock.mockito.MockitoTestExecutionListener, org.springframework.boot.test.mock.mockito.ResetMocksTestExecutionListener, org.springframework.test.context.web.ServletTestExecutionListener, org.springframework.test.context.support.DirtiesContextBeforeModesTestExecutionListener, org.springframework.test.context.support.DependencyInjectionTestExecutionListener, org.springframework.test.context.support.DirtiesContextTestExecutionListener, org.springframework.test.context.transaction.TransactionalTestExecutionListener, org.springframework.test.context.jdbc.SqlScriptsTestExecutionListener]
2021-03-11 02:28:55.324  INFO 19163 --- [    Test worker] .b.t.c.SpringBootTestContextBootstrapper : Using TestExecutionListeners: [org.springframework.test.context.web.ServletTestExecutionListener@418b0670, org.springframework.test.context.support.DirtiesContextBeforeModesTestExecutionListener@397fe9ff, org.springframework.boot.test.mock.mockito.MockitoTestExecutionListener@6b6451eb, org.springframework.boot.test.autoconfigure.SpringBootDependencyInjectionTestExecutionListener@c718b6b, org.springframework.test.context.support.DirtiesContextTestExecutionListener@15d0b413, org.springframework.test.context.transaction.TransactionalTestExecutionListener@53269747, org.springframework.test.context.jdbc.SqlScriptsTestExecutionListener@1a046fc1, org.springframework.security.test.context.support.WithSecurityContextTestExecutionListener@1aae9539, org.springframework.security.test.context.support.ReactorContextTestExecutionListener@a4eda53, org.springframework.boot.test.autoconfigure.restdocs.RestDocsTestExecutionListener@6d35e8f2, org.springframework.boot.test.autoconfigure.web.client.MockRestServiceServerResetTestExecutionListener@5476e8f2, org.springframework.boot.test.autoconfigure.web.servlet.MockMvcPrintOnlyOnFailureTestExecutionListener@3a9fa818, org.springframework.boot.test.autoconfigure.web.servlet.WebDriverTestExecutionListener@467f715a, org.springframework.boot.test.mock.mockito.ResetMocksTestExecutionListener@44f731f]

  .   ____          _            __ _ _
 /\\ / ___'_ __ _ _(_)_ __  __ _ \ \ \ \
( ( )\___ | '_ | '_| | '_ \/ _` | \ \ \ \
 \\/  ___)| |_)| | | | | || (_| |  ) ) ) )
  '  |____| .__|_| |_|_| |_\__, | / / / /
 =========|_|==============|___/=/_/_/_/
 :: Spring Boot ::        (v2.1.7.RELEASE)

2021-03-11 02:28:55.352  INFO 19163 --- [    Test worker] study.web.IndexControllerTest            : Starting IndexControllerTest on yuhyeongmin-ui-MacBookPro-2.local with PID 19163 (started by yoohyungmin in /Users/yoohyungmin/Desktop/spring-boot-project)
2021-03-11 02:28:55.352  INFO 19163 --- [    Test worker] study.web.IndexControllerTest            : The following profiles are active: oauth
2021-03-11 02:28:55.633  INFO 19163 --- [    Test worker] .s.d.r.c.RepositoryConfigurationDelegate : Bootstrapping Spring Data repositories in DEFAULT mode.
2021-03-11 02:28:55.696  INFO 19163 --- [    Test worker] .s.d.r.c.RepositoryConfigurationDelegate : Finished Spring Data repository scanning in 53ms. Found 2 repository interfaces.
2021-03-11 02:28:55.920  INFO 19163 --- [    Test worker] trationDelegate$BeanPostProcessorChecker : Bean 'org.springframework.transaction.annotation.ProxyTransactionManagementConfiguration' of type [org.springframework.transaction.annotation.ProxyTransactionManagementConfiguration$$EnhancerBySpringCGLIB$$6594277c] is not eligible for getting processed by all BeanPostProcessors (for example: not eligible for auto-proxying)
2021-03-11 02:28:56.218  INFO 19163 --- [    Test worker] o.s.b.w.embedded.tomcat.TomcatWebServer  : Tomcat initialized with port(s): 0 (http)
2021-03-11 02:28:56.246  INFO 19163 --- [    Test worker] o.apache.catalina.core.StandardService   : Starting service [Tomcat]
2021-03-11 02:28:56.247  INFO 19163 --- [    Test worker] org.apache.catalina.core.StandardEngine  : Starting Servlet engine: [Apache Tomcat/9.0.22]
2021-03-11 02:28:56.345  INFO 19163 --- [    Test worker] o.a.c.c.C.[Tomcat].[localhost].[/]       : Initializing Spring embedded WebApplicationContext
2021-03-11 02:28:56.345  INFO 19163 --- [    Test worker] o.s.web.context.ContextLoader            : Root WebApplicationContext: initialization completed in 992 ms
2021-03-11 02:28:56.571  INFO 19163 --- [    Test worker] com.zaxxer.hikari.HikariDataSource       : sa - Starting...
2021-03-11 02:28:56.739  INFO 19163 --- [    Test worker] com.zaxxer.hikari.HikariDataSource       : sa - Start completed.
2021-03-11 02:28:56.829  INFO 19163 --- [    Test worker] o.hibernate.jpa.internal.util.LogHelper  : HHH000204: Processing PersistenceUnitInfo [
	name: default
	...]
2021-03-11 02:28:56.906  INFO 19163 --- [    Test worker] org.hibernate.Version                    : HHH000412: Hibernate Core {5.3.10.Final}
2021-03-11 02:28:56.909  INFO 19163 --- [    Test worker] org.hibernate.cfg.Environment            : HHH000206: hibernate.properties not found
2021-03-11 02:28:56.963  INFO 19163 --- [    Test worker] o.hibernate.annotations.common.Version   : HCANN000001: Hibernate Commons Annotations {5.0.4.Final}
2021-03-11 02:28:57.110  INFO 19163 --- [    Test worker] org.hibernate.dialect.Dialect            : HHH000400: Using dialect: org.hibernate.dialect.H2Dialect
Hibernate: drop table posts if exists
Hibernate: drop table user if exists
Hibernate: create table posts (id bigint generated by default as identity, create_date timestamp, modified_date timestamp, author varchar(255), content TEXT not null, title varchar(500) not null, primary key (id))
Hibernate: create table user (id bigint generated by default as identity, email varchar(255) not null, name varchar(255) not null, picture varchar(255), role varchar(255) not null, primary key (id))
2021-03-11 02:28:57.837  INFO 19163 --- [    Test worker] o.h.t.schema.internal.SchemaCreatorImpl  : HHH000476: Executing import script 'org.hibernate.tool.schema.internal.exec.ScriptSourceInputNonExistentImpl@bd10c4d'
2021-03-11 02:28:57.840  INFO 19163 --- [    Test worker] j.LocalContainerEntityManagerFactoryBean : Initialized JPA EntityManagerFactory for persistence unit 'default'
2021-03-11 02:28:58.353  INFO 19163 --- [    Test worker] o.h.h.i.QueryTranslatorFactoryInitiator  : HHH000397: Using ASTQueryTranslatorFactory
2021-03-11 02:28:58.601  INFO 19163 --- [    Test worker] o.s.s.web.DefaultSecurityFilterChain     : Creating filter chain: any request, [org.springframework.security.web.context.request.async.WebAsyncManagerIntegrationFilter@73b78911, org.springframework.security.web.context.SecurityContextPersistenceFilter@722733d0, org.springframework.security.web.header.HeaderWriterFilter@6cefaa88, org.springframework.security.web.authentication.logout.LogoutFilter@28852e0e, org.springframework.security.oauth2.client.web.OAuth2AuthorizationRequestRedirectFilter@37d2a683, org.springframework.security.oauth2.client.web.OAuth2LoginAuthenticationFilter@73bef717, org.springframework.security.web.authentication.ui.DefaultLoginPageGeneratingFilter@63f72813, org.springframework.security.web.authentication.ui.DefaultLogoutPageGeneratingFilter@309cf43c, org.springframework.security.web.savedrequest.RequestCacheAwareFilter@6b09ee25, org.springframework.security.web.servletapi.SecurityContextHolderAwareRequestFilter@7aa3a226, org.springframework.security.web.authentication.AnonymousAuthenticationFilter@341ebb77, org.springframework.security.web.session.SessionManagementFilter@7d4c9039, org.springframework.security.web.access.ExceptionTranslationFilter@37d5dc45, org.springframework.security.web.access.intercept.FilterSecurityInterceptor@387e9fc6]
2021-03-11 02:28:58.760  INFO 19163 --- [    Test worker] o.s.s.concurrent.ThreadPoolTaskExecutor  : Initializing ExecutorService 'applicationTaskExecutor'
2021-03-11 02:28:58.774  WARN 19163 --- [    Test worker] aWebConfiguration$JpaWebMvcConfiguration : spring.jpa.open-in-view is enabled by default. Therefore, database queries may be performed during view rendering. Explicitly configure spring.jpa.open-in-view to disable this warning
2021-03-11 02:28:58.803  INFO 19163 --- [    Test worker] o.s.b.a.w.s.WelcomePageHandlerMapping    : Adding welcome page template: index
2021-03-11 02:28:59.051  INFO 19163 --- [    Test worker] s.a.ScheduledAnnotationBeanPostProcessor : No TaskScheduler/ScheduledExecutorService bean found for scheduled processing
2021-03-11 02:28:59.070  INFO 19163 --- [    Test worker] o.s.b.w.embedded.tomcat.TomcatWebServer  : Tomcat started on port(s): 52196 (http) with context path ''
2021-03-11 02:28:59.071  INFO 19163 --- [    Test worker] study.web.IndexControllerTest            : Started IndexControllerTest in 3.744 seconds (JVM running for 6.587)
2021-03-11 02:28:59.153  INFO 19163 --- [o-auto-1-exec-1] o.a.c.c.C.[Tomcat].[localhost].[/]       : Initializing Spring DispatcherServlet 'dispatcherServlet'
2021-03-11 02:28:59.153  INFO 19163 --- [o-auto-1-exec-1] o.s.web.servlet.DispatcherServlet        : Initializing Servlet 'dispatcherServlet'
2021-03-11 02:28:59.176  INFO 19163 --- [o-auto-1-exec-1] o.s.web.servlet.DispatcherServlet        : Completed initialization in 23 ms
]]></system-out>
  <system-err><![CDATA[]]></system-err>
</testsuite>
