<?xml version="1.0" encoding="UTF-8"?>
<testsuite name="study.HelloTest" tests="2" skipped="0" failures="0" errors="0" timestamp="2021-04-03T11:47:08" hostname="yuhyeongmin-ui-MacBookPro-2.local" time="0.025">
  <properties/>
  <testcase name="hello_반환" classname="study.HelloTest" time="0.022"/>
  <testcase name="이름_나이_입력" classname="study.HelloTest" time="0.002"/>
  <system-out><![CDATA[2021-04-03 20:47:07.937  INFO 3113 --- [    Test worker] .b.t.a.w.s.WebMvcTestContextBootstrapper : Neither @ContextConfiguration nor @ContextHierarchy found for test class [study.HelloTest], using SpringBootContextLoader
2021-04-03 20:47:07.938  INFO 3113 --- [    Test worker] o.s.t.c.support.AbstractContextLoader    : Could not detect default resource locations for test class [study.HelloTest]: no resource found for suffixes {-context.xml, Context.groovy}.
2021-04-03 20:47:07.938  INFO 3113 --- [    Test worker] t.c.s.AnnotationConfigContextLoaderUtils : Could not detect default configuration classes for test class [study.HelloTest]: HelloTest does not declare any static, non-private, non-final, nested classes annotated with @Configuration.
2021-04-03 20:47:07.951  INFO 3113 --- [    Test worker] .b.t.c.SpringBootTestContextBootstrapper : Found @SpringBootConfiguration study.Application for test class study.HelloTest
2021-04-03 20:47:07.951  INFO 3113 --- [    Test worker] .b.t.a.w.s.WebMvcTestContextBootstrapper : Loaded default TestExecutionListener class names from location [META-INF/spring.factories]: [org.springframework.security.test.context.support.WithSecurityContextTestExecutionListener, org.springframework.security.test.context.support.ReactorContextTestExecutionListener, org.springframework.boot.test.autoconfigure.restdocs.RestDocsTestExecutionListener, org.springframework.boot.test.autoconfigure.web.client.MockRestServiceServerResetTestExecutionListener, org.springframework.boot.test.autoconfigure.web.servlet.MockMvcPrintOnlyOnFailureTestExecutionListener, org.springframework.boot.test.autoconfigure.web.servlet.WebDriverTestExecutionListener, org.springframework.boot.test.mock.mockito.MockitoTestExecutionListener, org.springframework.boot.test.mock.mockito.ResetMocksTestExecutionListener, org.springframework.test.context.web.ServletTestExecutionListener, org.springframework.test.context.support.DirtiesContextBeforeModesTestExecutionListener, org.springframework.test.context.support.DependencyInjectionTestExecutionListener, org.springframework.test.context.support.DirtiesContextTestExecutionListener, org.springframework.test.context.transaction.TransactionalTestExecutionListener, org.springframework.test.context.jdbc.SqlScriptsTestExecutionListener]
2021-04-03 20:47:07.952  INFO 3113 --- [    Test worker] .b.t.a.w.s.WebMvcTestContextBootstrapper : Using TestExecutionListeners: [org.springframework.test.context.web.ServletTestExecutionListener@6766326d, org.springframework.test.context.support.DirtiesContextBeforeModesTestExecutionListener@69b36a01, org.springframework.boot.test.mock.mockito.MockitoTestExecutionListener@4529f482, org.springframework.boot.test.autoconfigure.SpringBootDependencyInjectionTestExecutionListener@709e7b2a, org.springframework.test.context.support.DirtiesContextTestExecutionListener@263dda0e, org.springframework.test.context.transaction.TransactionalTestExecutionListener@542c5faa, org.springframework.test.context.jdbc.SqlScriptsTestExecutionListener@5eab2c49, org.springframework.security.test.context.support.WithSecurityContextTestExecutionListener@5d6f5b9d, org.springframework.security.test.context.support.ReactorContextTestExecutionListener@154a1794, org.springframework.boot.test.autoconfigure.restdocs.RestDocsTestExecutionListener@232ddb98, org.springframework.boot.test.autoconfigure.web.client.MockRestServiceServerResetTestExecutionListener@246372d0, org.springframework.boot.test.autoconfigure.web.servlet.MockMvcPrintOnlyOnFailureTestExecutionListener@3f76672, org.springframework.boot.test.autoconfigure.web.servlet.WebDriverTestExecutionListener@46c4372f, org.springframework.boot.test.mock.mockito.ResetMocksTestExecutionListener@b78d574]

  .   ____          _            __ _ _
 /\\ / ___'_ __ _ _(_)_ __  __ _ \ \ \ \
( ( )\___ | '_ | '_| | '_ \/ _` | \ \ \ \
 \\/  ___)| |_)| | | | | || (_| |  ) ) ) )
  '  |____| .__|_| |_|_| |_\__, | / / / /
 =========|_|==============|___/=/_/_/_/
 :: Spring Boot ::        (v2.1.7.RELEASE)

2021-04-03 20:47:07.976  INFO 3113 --- [    Test worker] study.HelloTest                          : Starting HelloTest on yuhyeongmin-ui-MacBookPro-2.local with PID 3113 (started by yoohyungmin in /Users/yoohyungmin/Desktop/spring-boot-project)
2021-04-03 20:47:07.976  INFO 3113 --- [    Test worker] study.HelloTest                          : The following profiles are active: oauth
2021-04-03 20:47:08.210  INFO 3113 --- [    Test worker] o.s.s.concurrent.ThreadPoolTaskExecutor  : Initializing ExecutorService 'applicationTaskExecutor'
2021-04-03 20:47:08.233  INFO 3113 --- [    Test worker] o.s.b.a.w.s.WelcomePageHandlerMapping    : Adding welcome page template: index
2021-04-03 20:47:08.347  INFO 3113 --- [    Test worker] .s.s.UserDetailsServiceAutoConfiguration : 

Using generated security password: cdeac8c8-e9c8-4810-9707-54eca4ed5db0

2021-04-03 20:47:08.425  INFO 3113 --- [    Test worker] o.s.s.web.DefaultSecurityFilterChain     : Creating filter chain: any request, [org.springframework.security.web.context.request.async.WebAsyncManagerIntegrationFilter@c0ef04c, org.springframework.security.web.context.SecurityContextPersistenceFilter@5c3a05ba, org.springframework.security.web.header.HeaderWriterFilter@7dda83a9, org.springframework.security.web.csrf.CsrfFilter@45af86a1, org.springframework.security.web.authentication.logout.LogoutFilter@77fb7ff5, org.springframework.security.web.authentication.UsernamePasswordAuthenticationFilter@149ba0a0, org.springframework.security.web.authentication.ui.DefaultLoginPageGeneratingFilter@22375a48, org.springframework.security.web.authentication.ui.DefaultLogoutPageGeneratingFilter@295029a0, org.springframework.security.web.authentication.www.BasicAuthenticationFilter@2e1ceef7, org.springframework.security.web.savedrequest.RequestCacheAwareFilter@3e90b4a, org.springframework.security.web.servletapi.SecurityContextHolderAwareRequestFilter@2a071755, org.springframework.security.web.authentication.AnonymousAuthenticationFilter@60f2012b, org.springframework.security.web.session.SessionManagementFilter@4479883d, org.springframework.security.web.access.ExceptionTranslationFilter@60c7f97e, org.springframework.security.web.access.intercept.FilterSecurityInterceptor@4fb48340]
2021-04-03 20:47:08.434  INFO 3113 --- [    Test worker] o.s.b.t.m.w.SpringBootMockServletContext : Initializing Spring TestDispatcherServlet ''
2021-04-03 20:47:08.435  INFO 3113 --- [    Test worker] o.s.t.web.servlet.TestDispatcherServlet  : Initializing Servlet ''
2021-04-03 20:47:08.436  INFO 3113 --- [    Test worker] o.s.t.web.servlet.TestDispatcherServlet  : Completed initialization in 1 ms
2021-04-03 20:47:08.452  INFO 3113 --- [    Test worker] study.HelloTest                          : Started HelloTest in 0.495 seconds (JVM running for 6.185)
]]></system-out>
  <system-err><![CDATA[]]></system-err>
</testsuite>
