<?xml version="1.0" encoding="UTF-8"?>
<testsuite name="study.domain.posts.PostsRepositoryTest" tests="2" skipped="0" failures="0" errors="0" timestamp="2021-03-10T17:29:00" hostname="yuhyeongmin-ui-MacBookPro-2.local" time="0.029">
  <properties/>
  <testcase name="게시글저장_불러오기" classname="study.domain.posts.PostsRepositoryTest" time="0.017"/>
  <testcase name="BaseTimeEntity_등록" classname="study.domain.posts.PostsRepositoryTest" time="0.011"/>
  <system-out><![CDATA[2021-03-11 02:28:59.521  INFO 19163 --- [    Test worker] .b.t.c.SpringBootTestContextBootstrapper : Neither @ContextConfiguration nor @ContextHierarchy found for test class [study.domain.posts.PostsRepositoryTest], using SpringBootContextLoader
2021-03-11 02:28:59.522  INFO 19163 --- [    Test worker] o.s.t.c.support.AbstractContextLoader    : Could not detect default resource locations for test class [study.domain.posts.PostsRepositoryTest]: no resource found for suffixes {-context.xml, Context.groovy}.
2021-03-11 02:28:59.522  INFO 19163 --- [    Test worker] t.c.s.AnnotationConfigContextLoaderUtils : Could not detect default configuration classes for test class [study.domain.posts.PostsRepositoryTest]: PostsRepositoryTest does not declare any static, non-private, non-final, nested classes annotated with @Configuration.
2021-03-11 02:28:59.527  INFO 19163 --- [    Test worker] .b.t.c.SpringBootTestContextBootstrapper : Found @SpringBootConfiguration study.Application for test class study.domain.posts.PostsRepositoryTest
2021-03-11 02:28:59.528  INFO 19163 --- [    Test worker] .b.t.c.SpringBootTestContextBootstrapper : Loaded default TestExecutionListener class names from location [META-INF/spring.factories]: [org.springframework.security.test.context.support.WithSecurityContextTestExecutionListener, org.springframework.security.test.context.support.ReactorContextTestExecutionListener, org.springframework.boot.test.autoconfigure.restdocs.RestDocsTestExecutionListener, org.springframework.boot.test.autoconfigure.web.client.MockRestServiceServerResetTestExecutionListener, org.springframework.boot.test.autoconfigure.web.servlet.MockMvcPrintOnlyOnFailureTestExecutionListener, org.springframework.boot.test.autoconfigure.web.servlet.WebDriverTestExecutionListener, org.springframework.boot.test.mock.mockito.MockitoTestExecutionListener, org.springframework.boot.test.mock.mockito.ResetMocksTestExecutionListener, org.springframework.test.context.web.ServletTestExecutionListener, org.springframework.test.context.support.DirtiesContextBeforeModesTestExecutionListener, org.springframework.test.context.support.DependencyInjectionTestExecutionListener, org.springframework.test.context.support.DirtiesContextTestExecutionListener, org.springframework.test.context.transaction.TransactionalTestExecutionListener, org.springframework.test.context.jdbc.SqlScriptsTestExecutionListener]
2021-03-11 02:28:59.529  INFO 19163 --- [    Test worker] .b.t.c.SpringBootTestContextBootstrapper : Using TestExecutionListeners: [org.springframework.test.context.web.ServletTestExecutionListener@61d3413b, org.springframework.test.context.support.DirtiesContextBeforeModesTestExecutionListener@4005b7c2, org.springframework.boot.test.mock.mockito.MockitoTestExecutionListener@2bd7f142, org.springframework.boot.test.autoconfigure.SpringBootDependencyInjectionTestExecutionListener@602554b5, org.springframework.test.context.support.DirtiesContextTestExecutionListener@1b840b13, org.springframework.test.context.transaction.TransactionalTestExecutionListener@76d20406, org.springframework.test.context.jdbc.SqlScriptsTestExecutionListener@629bb67f, org.springframework.security.test.context.support.WithSecurityContextTestExecutionListener@28d1c665, org.springframework.security.test.context.support.ReactorContextTestExecutionListener@13b69cff, org.springframework.boot.test.autoconfigure.restdocs.RestDocsTestExecutionListener@75a258bb, org.springframework.boot.test.autoconfigure.web.client.MockRestServiceServerResetTestExecutionListener@4a35203e, org.springframework.boot.test.autoconfigure.web.servlet.MockMvcPrintOnlyOnFailureTestExecutionListener@6cf125f3, org.springframework.boot.test.autoconfigure.web.servlet.WebDriverTestExecutionListener@4b071df6, org.springframework.boot.test.mock.mockito.ResetMocksTestExecutionListener@2c87e3ad]

  .   ____          _            __ _ _
 /\\ / ___'_ __ _ _(_)_ __  __ _ \ \ \ \
( ( )\___ | '_ | '_| | '_ \/ _` | \ \ \ \
 \\/  ___)| |_)| | | | | || (_| |  ) ) ) )
  '  |____| .__|_| |_|_| |_\__, | / / / /
 =========|_|==============|___/=/_/_/_/
 :: Spring Boot ::        (v2.1.7.RELEASE)

2021-03-11 02:28:59.561  INFO 19163 --- [    Test worker] study.domain.posts.PostsRepositoryTest   : Starting PostsRepositoryTest on yuhyeongmin-ui-MacBookPro-2.local with PID 19163 (started by yoohyungmin in /Users/yoohyungmin/Desktop/spring-boot-project)
2021-03-11 02:28:59.562  INFO 19163 --- [    Test worker] study.domain.posts.PostsRepositoryTest   : The following profiles are active: oauth
2021-03-11 02:28:59.743  INFO 19163 --- [    Test worker] .s.d.r.c.RepositoryConfigurationDelegate : Bootstrapping Spring Data repositories in DEFAULT mode.
2021-03-11 02:28:59.759  INFO 19163 --- [    Test worker] .s.d.r.c.RepositoryConfigurationDelegate : Finished Spring Data repository scanning in 16ms. Found 2 repository interfaces.
2021-03-11 02:28:59.825  INFO 19163 --- [    Test worker] trationDelegate$BeanPostProcessorChecker : Bean 'org.springframework.transaction.annotation.ProxyTransactionManagementConfiguration' of type [org.springframework.transaction.annotation.ProxyTransactionManagementConfiguration$$EnhancerBySpringCGLIB$$6594277c] is not eligible for getting processed by all BeanPostProcessors (for example: not eligible for auto-proxying)
2021-03-11 02:28:59.902  INFO 19163 --- [    Test worker] com.zaxxer.hikari.HikariDataSource       : sa - Starting...
2021-03-11 02:28:59.902  INFO 19163 --- [    Test worker] com.zaxxer.hikari.HikariDataSource       : sa - Start completed.
2021-03-11 02:28:59.918  INFO 19163 --- [    Test worker] o.hibernate.jpa.internal.util.LogHelper  : HHH000204: Processing PersistenceUnitInfo [
	name: default
	...]
2021-03-11 02:28:59.922  INFO 19163 --- [    Test worker] org.hibernate.dialect.Dialect            : HHH000400: Using dialect: org.hibernate.dialect.H2Dialect
Hibernate: drop table posts if exists
Hibernate: drop table user if exists
Hibernate: create table posts (id bigint generated by default as identity, create_date timestamp, modified_date timestamp, author varchar(255), content TEXT not null, title varchar(500) not null, primary key (id))
Hibernate: create table user (id bigint generated by default as identity, email varchar(255) not null, name varchar(255) not null, picture varchar(255), role varchar(255) not null, primary key (id))
2021-03-11 02:28:59.952  INFO 19163 --- [    Test worker] o.h.t.schema.internal.SchemaCreatorImpl  : HHH000476: Executing import script 'org.hibernate.tool.schema.internal.exec.ScriptSourceInputNonExistentImpl@bd10c4d'
2021-03-11 02:28:59.953  INFO 19163 --- [    Test worker] j.LocalContainerEntityManagerFactoryBean : Initialized JPA EntityManagerFactory for persistence unit 'default'
2021-03-11 02:29:00.093  INFO 19163 --- [    Test worker] o.h.h.i.QueryTranslatorFactoryInitiator  : HHH000397: Using ASTQueryTranslatorFactory
2021-03-11 02:29:00.210  INFO 19163 --- [    Test worker] o.s.s.web.DefaultSecurityFilterChain     : Creating filter chain: any request, [org.springframework.security.web.context.request.async.WebAsyncManagerIntegrationFilter@74860a48, org.springframework.security.web.context.SecurityContextPersistenceFilter@7e9099e1, org.springframework.security.web.header.HeaderWriterFilter@d6c50e0, org.springframework.security.web.authentication.logout.LogoutFilter@d859873, org.springframework.security.oauth2.client.web.OAuth2AuthorizationRequestRedirectFilter@728f0057, org.springframework.security.oauth2.client.web.OAuth2LoginAuthenticationFilter@66946286, org.springframework.security.web.authentication.ui.DefaultLoginPageGeneratingFilter@77a058f7, org.springframework.security.web.authentication.ui.DefaultLogoutPageGeneratingFilter@194eff3a, org.springframework.security.web.savedrequest.RequestCacheAwareFilter@2098358a, org.springframework.security.web.servletapi.SecurityContextHolderAwareRequestFilter@4f9c8a29, org.springframework.security.web.authentication.AnonymousAuthenticationFilter@1349d9fc, org.springframework.security.web.session.SessionManagementFilter@427f5f62, org.springframework.security.web.access.ExceptionTranslationFilter@1af885dc, org.springframework.security.web.access.intercept.FilterSecurityInterceptor@4cd43e3c]
2021-03-11 02:29:00.419  INFO 19163 --- [    Test worker] o.s.s.concurrent.ThreadPoolTaskExecutor  : Initializing ExecutorService 'applicationTaskExecutor'
2021-03-11 02:29:00.428  WARN 19163 --- [    Test worker] aWebConfiguration$JpaWebMvcConfiguration : spring.jpa.open-in-view is enabled by default. Therefore, database queries may be performed during view rendering. Explicitly configure spring.jpa.open-in-view to disable this warning
2021-03-11 02:29:00.449  INFO 19163 --- [    Test worker] o.s.b.a.w.s.WelcomePageHandlerMapping    : Adding welcome page template: index
2021-03-11 02:29:00.686  INFO 19163 --- [    Test worker] s.a.ScheduledAnnotationBeanPostProcessor : No TaskScheduler/ScheduledExecutorService bean found for scheduled processing
2021-03-11 02:29:00.687  INFO 19163 --- [    Test worker] study.domain.posts.PostsRepositoryTest   : Started PostsRepositoryTest in 1.157 seconds (JVM running for 8.203)
Hibernate: insert into posts (id, create_date, modified_date, author, content, title) values (null, ?, ?, ?, ?, ?)
Hibernate: select posts0_.id as id1_0_, posts0_.create_date as create_d2_0_, posts0_.modified_date as modified3_0_, posts0_.author as author4_0_, posts0_.content as content5_0_, posts0_.title as title6_0_ from posts posts0_
Hibernate: select posts0_.id as id1_0_, posts0_.create_date as create_d2_0_, posts0_.modified_date as modified3_0_, posts0_.author as author4_0_, posts0_.content as content5_0_, posts0_.title as title6_0_ from posts posts0_
Hibernate: delete from posts where id=?
Hibernate: insert into posts (id, create_date, modified_date, author, content, title) values (null, ?, ?, ?, ?, ?)
Hibernate: select posts0_.id as id1_0_, posts0_.create_date as create_d2_0_, posts0_.modified_date as modified3_0_, posts0_.author as author4_0_, posts0_.content as content5_0_, posts0_.title as title6_0_ from posts posts0_
>>>>>>>>> createDate=2021-03-11T02:29:00.710, modifiedDate=2021-03-11T02:29:00.710
Hibernate: select posts0_.id as id1_0_, posts0_.create_date as create_d2_0_, posts0_.modified_date as modified3_0_, posts0_.author as author4_0_, posts0_.content as content5_0_, posts0_.title as title6_0_ from posts posts0_
Hibernate: delete from posts where id=?
]]></system-out>
  <system-err><![CDATA[]]></system-err>
</testsuite>
