<?xml version="1.0" encoding="UTF-8"?>
<testsuite name="study.web.PostsApiControllerTest" tests="2" skipped="0" failures="0" errors="0" timestamp="2021-03-03T14:53:29" hostname="yuhyeongmin-ui-MacBookPro.local" time="0.038">
  <properties/>
  <testcase name="Posts_수정된다" classname="study.web.PostsApiControllerTest" time="0.033"/>
  <testcase name="게시글_등록" classname="study.web.PostsApiControllerTest" time="0.004"/>
  <system-out><![CDATA[2021-03-03 23:53:29.438  INFO 13002 --- [    Test worker] .b.t.c.SpringBootTestContextBootstrapper : Neither @ContextConfiguration nor @ContextHierarchy found for test class [study.web.PostsApiControllerTest], using SpringBootContextLoader
2021-03-03 23:53:29.439  INFO 13002 --- [    Test worker] o.s.t.c.support.AbstractContextLoader    : Could not detect default resource locations for test class [study.web.PostsApiControllerTest]: no resource found for suffixes {-context.xml, Context.groovy}.
2021-03-03 23:53:29.439  INFO 13002 --- [    Test worker] t.c.s.AnnotationConfigContextLoaderUtils : Could not detect default configuration classes for test class [study.web.PostsApiControllerTest]: PostsApiControllerTest does not declare any static, non-private, non-final, nested classes annotated with @Configuration.
2021-03-03 23:53:29.440  INFO 13002 --- [    Test worker] .b.t.c.SpringBootTestContextBootstrapper : Found @SpringBootConfiguration study.Application for test class study.web.PostsApiControllerTest
2021-03-03 23:53:29.441  INFO 13002 --- [    Test worker] .b.t.c.SpringBootTestContextBootstrapper : Loaded default TestExecutionListener class names from location [META-INF/spring.factories]: [org.springframework.boot.test.autoconfigure.restdocs.RestDocsTestExecutionListener, org.springframework.boot.test.autoconfigure.web.client.MockRestServiceServerResetTestExecutionListener, org.springframework.boot.test.autoconfigure.web.servlet.MockMvcPrintOnlyOnFailureTestExecutionListener, org.springframework.boot.test.autoconfigure.web.servlet.WebDriverTestExecutionListener, org.springframework.boot.test.mock.mockito.MockitoTestExecutionListener, org.springframework.boot.test.mock.mockito.ResetMocksTestExecutionListener, org.springframework.test.context.web.ServletTestExecutionListener, org.springframework.test.context.support.DirtiesContextBeforeModesTestExecutionListener, org.springframework.test.context.support.DependencyInjectionTestExecutionListener, org.springframework.test.context.support.DirtiesContextTestExecutionListener, org.springframework.test.context.transaction.TransactionalTestExecutionListener, org.springframework.test.context.jdbc.SqlScriptsTestExecutionListener]
2021-03-03 23:53:29.441  INFO 13002 --- [    Test worker] .b.t.c.SpringBootTestContextBootstrapper : Using TestExecutionListeners: [org.springframework.test.context.web.ServletTestExecutionListener@4cccce4c, org.springframework.test.context.support.DirtiesContextBeforeModesTestExecutionListener@37e72a57, org.springframework.boot.test.mock.mockito.MockitoTestExecutionListener@75b22cae, org.springframework.boot.test.autoconfigure.SpringBootDependencyInjectionTestExecutionListener@672921a7, org.springframework.test.context.support.DirtiesContextTestExecutionListener@4d3d2da0, org.springframework.test.context.transaction.TransactionalTestExecutionListener@430603c2, org.springframework.test.context.jdbc.SqlScriptsTestExecutionListener@27359050, org.springframework.boot.test.autoconfigure.restdocs.RestDocsTestExecutionListener@9bfa908, org.springframework.boot.test.autoconfigure.web.client.MockRestServiceServerResetTestExecutionListener@2d4bc5b2, org.springframework.boot.test.autoconfigure.web.servlet.MockMvcPrintOnlyOnFailureTestExecutionListener@5ea0cbca, org.springframework.boot.test.autoconfigure.web.servlet.WebDriverTestExecutionListener@559c775e, org.springframework.boot.test.mock.mockito.ResetMocksTestExecutionListener@211f630c]
Hibernate: select posts0_.id as id1_0_, posts0_.create_date as create_d2_0_, posts0_.modified_date as modified3_0_, posts0_.author as author4_0_, posts0_.content as content5_0_, posts0_.title as title6_0_ from posts posts0_
Hibernate: select posts0_.id as id1_0_, posts0_.create_date as create_d2_0_, posts0_.modified_date as modified3_0_, posts0_.author as author4_0_, posts0_.content as content5_0_, posts0_.title as title6_0_ from posts posts0_
]]></system-out>
  <system-err><![CDATA[]]></system-err>
</testsuite>
